[[1;34mINFO[m] Scanning for projects...
[[1;34mINFO[m] 
[[1;34mINFO[m] [1m-----------------------------< [0;36mcom.uu:au[0;1m >------------------------------[m
[[1;34mINFO[m] [1mBuilding bubifybackend 1.0.0-SNAPSHOT[m
[[1;34mINFO[m] [1m--------------------------------[ jar ]---------------------------------[m
[[1;34mINFO[m] 
[[1;34mINFO[m] [1m--- [0;32mmaven-enforcer-plugin:3.0.0:enforce[m [1m(ban-bad-log4j-versions)[m @ [36mau[0;1m ---[m
[[1;34mINFO[m] 
[[1;34mINFO[m] [1m--- [0;32mjacoco-maven-plugin:0.8.12:prepare-agent[m [1m(default)[m @ [36mau[0;1m ---[m
[[1;34mINFO[m] argLine set to -javaagent:/home/bubify/.m2/repository/org/jacoco/org.jacoco.agent/0.8.12/org.jacoco.agent-0.8.12-runtime.jar=destfile=/home/bubify/backend/target/jacoco.exec
[[1;34mINFO[m] 
[[1;34mINFO[m] [1m--- [0;32mmaven-resources-plugin:3.2.0:resources[m [1m(default-resources)[m @ [36mau[0;1m ---[m
[[1;34mINFO[m] Using 'UTF-8' encoding to copy filtered resources.
[[1;34mINFO[m] Using 'UTF-8' encoding to copy filtered properties files.
[[1;34mINFO[m] Copying 4 resources
[[1;34mINFO[m] Copying 2 resources
[[1;34mINFO[m] 
[[1;34mINFO[m] [1m--- [0;32mmaven-compiler-plugin:3.8.1:compile[m [1m(default-compile)[m @ [36mau[0;1m ---[m
[[1;34mINFO[m] Changes detected - recompiling the module!
[[1;34mINFO[m] Compiling 72 source files to /home/bubify/backend/target/classes
[[1;34mINFO[m] 
[[1;34mINFO[m] [1m--- [0;32mmaven-resources-plugin:3.2.0:testResources[m [1m(default-testResources)[m @ [36mau[0;1m ---[m
[[1;34mINFO[m] Using 'UTF-8' encoding to copy filtered resources.
[[1;34mINFO[m] Using 'UTF-8' encoding to copy filtered properties files.
[[1;34mINFO[m] Copying 0 resource
[[1;34mINFO[m] 
[[1;34mINFO[m] [1m--- [0;32mmaven-compiler-plugin:3.8.1:testCompile[m [1m(default-testCompile)[m @ [36mau[0;1m ---[m
[[1;34mINFO[m] Changes detected - recompiling the module!
[[1;34mINFO[m] Compiling 30 source files to /home/bubify/backend/target/test-classes
[[1;34mINFO[m] 
[[1;34mINFO[m] [1m--- [0;32mmaven-surefire-plugin:2.22.2:test[m [1m(default-test)[m @ [36mau[0;1m ---[m
[[1;34mINFO[m] 
[[1;34mINFO[m] -------------------------------------------------------
[[1;34mINFO[m]  T E S T S
[[1;34mINFO[m] -------------------------------------------------------
[[1;34mINFO[m] Running com.uu.au.models.[1mEnrolmentTests[m
[[1;34mINFO[m] [1;32mTests run: [0;1;32m14[m, Failures: 0, Errors: 0, Skipped: 0, Time elapsed: 0.296 s - in com.uu.au.models.[1mEnrolmentTests[m
[[1;34mINFO[m] Running com.uu.au.models.[1mAchievementFailedTests[m
[[1;34mINFO[m] [1;32mTests run: [0;1;32m5[m, Failures: 0, Errors: 0, Skipped: 0, Time elapsed: 0.005 s - in com.uu.au.models.[1mAchievementFailedTests[m
[[1;34mINFO[m] Running com.uu.au.models.[1mDemoListClearedTests[m
[[1;34mINFO[m] [1;32mTests run: [0;1;32m5[m, Failures: 0, Errors: 0, Skipped: 0, Time elapsed: 0.002 s - in com.uu.au.models.[1mDemoListClearedTests[m
[[1;34mINFO[m] Running com.uu.au.models.[1mLadokEntryTests[m
[[1;34mINFO[m] [1;32mTests run: [0;1;32m6[m, Failures: 0, Errors: 0, Skipped: 0, Time elapsed: 0.028 s - in com.uu.au.models.[1mLadokEntryTests[m
[[1;34mINFO[m] Running com.uu.au.models.[1mHelpRequestTests[m
[[1;31mERROR[m] [1;31mTests [0;1mrun: [0;1m14[m, [1;31mFailures: [0;1;31m1[m, Errors: 0, Skipped: 0, Time elapsed: 0.03 s[1;31m <<< FAILURE![m - in com.uu.au.models.[1mHelpRequestTests[m
[[1;31mERROR[m] testHelpRequestIsActiveAndSubmittedOrClaimedOrInFlight  Time elapsed: 0.001 s  <<< FAILURE!
org.opentest4j.AssertionFailedError: expected: <true> but was: <false>
	at com.uu.au.models.HelpRequestTests.testHelpRequestIsActiveAndSubmittedOrClaimedOrInFlight(HelpRequestTests.java:226)

[[1;34mINFO[m] Running com.uu.au.models.[1mUserTests[m
[[1;31mERROR[m] [1;31mTests [0;1mrun: [0;1m31[m, [1;31mFailures: [0;1;31m1[m, [1;31mErrors: [0;1;31m1[m, Skipped: 0, Time elapsed: 0.114 s[1;31m <<< FAILURE![m - in com.uu.au.models.[1mUserTests[m
[[1;31mERROR[m] testGetGradeAndDateEmptyList  Time elapsed: 0 s  <<< ERROR!
java.util.NoSuchElementException: No value present
	at com.uu.au.models.UserTests.testGetGradeAndDateEmptyList(UserTests.java:686)

[[1;31mERROR[m] testGetGradeAndDateGrade4  Time elapsed: 0.003 s  <<< FAILURE!
org.opentest4j.AssertionFailedError: expected: <2023-01-20> but was: <2023-01-15>
	at com.uu.au.models.UserTests.testGetGradeAndDateGrade4(UserTests.java:793)

[[1;34mINFO[m] Running com.uu.au.models.[1mCourseTests[m
[[1;34mINFO[m] [1;32mTests run: [0;1;32m8[m, Failures: 0, Errors: 0, Skipped: 0, Time elapsed: 0.038 s - in com.uu.au.models.[1mCourseTests[m
[[1;34mINFO[m] Running com.uu.au.models.[1mAchievementPushedBackTests[m
[[1;34mINFO[m] [1;32mTests run: [0;1;32m6[m, Failures: 0, Errors: 0, Skipped: 0, Time elapsed: 0.016 s - in com.uu.au.models.[1mAchievementPushedBackTests[m
[[1;34mINFO[m] Running com.uu.au.models.[1mAchievementTests[m
[[1;34mINFO[m] [1;32mTests run: [0;1;32m10[m, Failures: 0, Errors: 0, Skipped: 0, Time elapsed: 0.03 s - in com.uu.au.models.[1mAchievementTests[m
[[1;34mINFO[m] Running com.uu.au.models.[1mCourseInstanceTests[m
[[1;34mINFO[m] [1;32mTests run: [0;1;32m15[m, Failures: 0, Errors: 0, Skipped: 0, Time elapsed: 0.001 s - in com.uu.au.models.[1mCourseInstanceTests[m
[[1;34mINFO[m] Running com.uu.au.models.[1mHelpListClearedTests[m
[[1;34mINFO[m] [1;32mTests run: [0;1;32m5[m, Failures: 0, Errors: 0, Skipped: 0, Time elapsed: 0 s - in com.uu.au.models.[1mHelpListClearedTests[m
[[1;34mINFO[m] Running com.uu.au.models.[1mAchievementUnlockedTests[m
[[1;34mINFO[m] [1;32mTests run: [0;1;32m5[m, Failures: 0, Errors: 0, Skipped: 0, Time elapsed: 0.005 s - in com.uu.au.models.[1mAchievementUnlockedTests[m
[[1;34mINFO[m] Running com.uu.au.models.[1mDemonstrationTests[m
[[1;34mINFO[m] [1;32mTests run: [0;1;32m12[m, Failures: 0, Errors: 0, Skipped: 0, Time elapsed: 0.018 s - in com.uu.au.models.[1mDemonstrationTests[m
[[1;34mINFO[m] Running com.uu.au.models.[1mTargetLevelTests[m
[[1;34mINFO[m] [1;32mTests run: [0;1;32m5[m, Failures: 0, Errors: 0, Skipped: 0, Time elapsed: 0.006 s - in com.uu.au.models.[1mTargetLevelTests[m
[[1;34mINFO[m] Running com.uu.au.repository.[1mAchievementFailedRepositoryTests[m
21:38:45.899 [main] INFO  o.s.b.t.c.SpringBootTestContextBootstrapper - Neither @ContextConfiguration nor @ContextHierarchy found for test class [com.uu.au.repository.AchievementFailedRepositoryTests], using SpringBootContextLoader
21:38:45.917 [main] INFO  o.s.t.c.s.AbstractContextLoader - Could not detect default resource locations for test class [com.uu.au.repository.AchievementFailedRepositoryTests]: no resource found for suffixes {-context.xml, Context.groovy}.
21:38:45.919 [main] INFO  o.s.t.c.s.AnnotationConfigContextLoaderUtils - Could not detect default configuration classes for test class [com.uu.au.repository.AchievementFailedRepositoryTests]: AchievementFailedRepositoryTests does not declare any static, non-private, non-final, nested classes annotated with @Configuration.
21:38:46.140 [main] INFO  o.s.b.t.c.SpringBootTestContextBootstrapper - Found @SpringBootConfiguration com.uu.au.AUPortal for test class com.uu.au.repository.AchievementFailedRepositoryTests
21:38:46.341 [main] INFO  o.s.b.t.c.SpringBootTestContextBootstrapper - Loaded default TestExecutionListener class names from location [META-INF/spring.factories]: [org.springframework.boot.test.mock.mockito.MockitoTestExecutionListener, org.springframework.boot.test.mock.mockito.ResetMocksTestExecutionListener, org.springframework.boot.test.autoconfigure.restdocs.RestDocsTestExecutionListener, org.springframework.boot.test.autoconfigure.web.client.MockRestServiceServerResetTestExecutionListener, org.springframework.boot.test.autoconfigure.web.servlet.MockMvcPrintOnlyOnFailureTestExecutionListener, org.springframework.boot.test.autoconfigure.web.servlet.WebDriverTestExecutionListener, org.springframework.boot.test.autoconfigure.webservices.client.MockWebServiceServerTestExecutionListener, org.springframework.test.context.web.ServletTestExecutionListener, org.springframework.test.context.support.DirtiesContextBeforeModesTestExecutionListener, org.springframework.test.context.event.ApplicationEventsTestExecutionListener, org.springframework.test.context.support.DependencyInjectionTestExecutionListener, org.springframework.test.context.support.DirtiesContextTestExecutionListener, org.springframework.test.context.transaction.TransactionalTestExecutionListener, org.springframework.test.context.jdbc.SqlScriptsTestExecutionListener, org.springframework.test.context.event.EventPublishingTestExecutionListener]
21:38:46.376 [main] INFO  o.s.b.t.c.SpringBootTestContextBootstrapper - Using TestExecutionListeners: [org.springframework.test.context.web.ServletTestExecutionListener@dd2856e, org.springframework.test.context.support.DirtiesContextBeforeModesTestExecutionListener@5a49af50, org.springframework.test.context.event.ApplicationEventsTestExecutionListener@3b1dc579, org.springframework.boot.test.mock.mockito.MockitoTestExecutionListener@793d163b, org.springframework.boot.test.autoconfigure.SpringBootDependencyInjectionTestExecutionListener@60dd0587, org.springframework.test.context.support.DirtiesContextTestExecutionListener@77f905e3, org.springframework.test.context.transaction.TransactionalTestExecutionListener@221a2068, org.springframework.test.context.jdbc.SqlScriptsTestExecutionListener@338766de, org.springframework.test.context.event.EventPublishingTestExecutionListener@3b7eac14, org.springframework.boot.test.mock.mockito.ResetMocksTestExecutionListener@4976085, org.springframework.boot.test.autoconfigure.restdocs.RestDocsTestExecutionListener@777d191f, org.springframework.boot.test.autoconfigure.web.client.MockRestServiceServerResetTestExecutionListener@7fc420b8, org.springframework.boot.test.autoconfigure.web.servlet.MockMvcPrintOnlyOnFailureTestExecutionListener@31142d58, org.springframework.boot.test.autoconfigure.web.servlet.WebDriverTestExecutionListener@e38f0b7, org.springframework.boot.test.autoconfigure.webservices.client.MockWebServiceServerTestExecutionListener@1192b58e]

  .   ____          _            __ _ _
 /\\ / ___'_ __ _ _(_)_ __  __ _ \ \ \ \
( ( )\___ | '_ | '_| | '_ \/ _` | \ \ \ \
 \\/  ___)| |_)| | | | | || (_| |  ) ) ) )
  '  |____| .__|_| |_|_| |_\__, | / / / /
 =========|_|==============|___/=/_/_/_/
 :: Spring Boot ::                (v2.6.1)

21:38:46.916 [main] INFO  c.u.a.r.AchievementFailedRepositoryTests - Starting AchievementFailedRepositoryTests using Java 17.0.10 on ac2024086cd0 with PID 76 (started by bubify in /home/bubify/backend)
21:38:46.919 [main] INFO  c.u.a.r.AchievementFailedRepositoryTests - The following profiles are active: test
21:38:48.559 [main] INFO  o.s.d.r.c.RepositoryConfigurationDelegate - Bootstrapping Spring Data JPA repositories in DEFAULT mode.
21:38:48.671 [main] INFO  o.s.d.r.c.RepositoryConfigurationDelegate - Finished Spring Data repository scanning in 98 ms. Found 13 JPA repository interfaces.
21:38:49.903 [main] INFO  o.h.jpa.internal.util.LogHelper - HHH000204: Processing PersistenceUnitInfo [name: default]
21:38:49.997 [main] INFO  org.hibernate.Version - HHH000412: Hibernate ORM core version 5.6.1.Final
21:38:50.321 [main] INFO  o.h.annotations.common.Version - HCANN000001: Hibernate Commons Annotations {5.1.2.Final}
21:38:50.537 [main] INFO  com.zaxxer.hikari.HikariDataSource - HikariPool-1 - Starting...
21:38:50.926 [main] INFO  com.zaxxer.hikari.HikariDataSource - HikariPool-1 - Start completed.
21:38:50.957 [main] INFO  org.hibernate.dialect.Dialect - HHH000400: Using dialect: org.hibernate.dialect.H2Dialect
21:38:52.668 [main] INFO  o.h.t.s.internal.SchemaCreatorImpl - HHH000476: Executing import script 'file:/home/bubify/backend/target/classes/import.sql'
21:38:52.669 [main] INFO  o.h.e.t.j.p.i.JtaPlatformInitiator - HHH000490: Using JtaPlatform implementation: [org.hibernate.engine.transaction.jta.platform.internal.NoJtaPlatform]
21:38:52.684 [main] INFO  o.s.o.j.LocalContainerEntityManagerFactoryBean - Initialized JPA EntityManagerFactory for persistence unit 'default'
21:38:54.009 [main] WARN  o.s.b.a.o.j.JpaBaseConfiguration$JpaWebConfiguration - spring.jpa.open-in-view is enabled by default. Therefore, database queries may be performed during view rendering. Explicitly configure spring.jpa.open-in-view to disable this warning
21:38:54.072 [main] INFO  com.uu.au.AUPortal - securityContextLogoutHandler
21:38:54.088 [main] INFO  com.uu.au.AUPortal - ticketValidator
21:38:54.100 [main] INFO  com.uu.au.AUPortal - service properties
21:38:54.110 [main] INFO  com.uu.au.AUPortal - casAuthenticationProvider!
21:38:55.032 [main] INFO  o.s.b.a.h.H2ConsoleAutoConfiguration - H2 console available at '/h2-console'. Database available at 'jdbc:h2:mem:testdb'
21:38:55.433 [main] INFO  o.s.s.web.DefaultSecurityFilterChain - Will secure any request with [org.springframework.security.web.context.request.async.WebAsyncManagerIntegrationFilter@29c2418, org.springframework.security.web.context.SecurityContextPersistenceFilter@67b056e7, org.springframework.security.web.header.HeaderWriterFilter@6c8c59b3, org.springframework.web.filter.CorsFilter@16508af6, org.springframework.security.web.authentication.logout.LogoutFilter@654dcbde, org.springframework.security.web.authentication.logout.LogoutFilter@79ff741f, org.jasig.cas.client.session.SingleSignOutFilter@379f1d78, org.springframework.security.web.session.ConcurrentSessionFilter@7a45b380, org.springframework.security.web.savedrequest.RequestCacheAwareFilter@46273c1f, org.springframework.security.web.servletapi.SecurityContextHolderAwareRequestFilter@4f66b446, org.springframework.security.web.authentication.AnonymousAuthenticationFilter@588e6939, org.springframework.security.web.session.SessionManagementFilter@2eca819f, org.springframework.security.web.access.ExceptionTranslationFilter@776535b0, org.springframework.security.web.access.intercept.FilterSecurityInterceptor@5cc447cd]
21:38:55.572 [main] INFO  com.uu.au.AUPortal - filter!
21:38:56.456 [main] WARN  o.s.b.a.f.FreeMarkerAutoConfiguration - Cannot find template location(s): [classpath:/templates/] (please add some templates, check your FreeMarker configuration, or set spring.freemarker.checkTemplateLocation=false)
21:38:56.596 [main] INFO  o.s.m.s.b.SimpleBrokerMessageHandler - Starting...
21:38:56.596 [main] INFO  o.s.m.s.b.SimpleBrokerMessageHandler - BrokerAvailabilityEvent[available=true, SimpleBrokerMessageHandler [org.springframework.messaging.simp.broker.DefaultSubscriptionRegistry@26be4917]]
21:38:56.598 [main] INFO  o.s.m.s.b.SimpleBrokerMessageHandler - Started.
21:38:56.640 [MessageBroker-3] INFO  com.uu.au.controllers.UserController - gitHubCreateRepoBacklog size: 0
21:38:56.643 [MessageBroker-2] INFO  com.uu.au.controllers.UserController - gitHubInviteBacklog size: 0
21:38:56.645 [main] INFO  c.u.a.r.AchievementFailedRepositoryTests - Started AchievementFailedRepositoryTests in 10.177 seconds (JVM running for 13.122)
21:38:56.705 [main] INFO  o.s.t.c.t.TransactionContext - Began transaction (1) for test context [DefaultTestContext@311d2b2a testClass = AchievementFailedRepositoryTests, testInstance = com.uu.au.repository.AchievementFailedRepositoryTests@40ac6287, testMethod = testFindAll@AchievementFailedRepositoryTests, testException = [null], mergedContextConfiguration = [WebMergedContextConfiguration@1b0468d1 testClass = AchievementFailedRepositoryTests, locations = '{}', classes = '{class com.uu.au.AUPortal}', contextInitializerClasses = '[]', activeProfiles = '{}', propertySourceLocations = '{}', propertySourceProperties = '{org.springframework.boot.test.context.SpringBootTestContextBootstrapper=true}', contextCustomizers = set[org.springframework.boot.test.context.filter.ExcludeFilterContextCustomizer@7de843ef, org.springframework.boot.test.json.DuplicateJsonObjectContextCustomizerFactory$DuplicateJsonObjectContextCustomizer@69e49a81, org.springframework.boot.test.mock.mockito.MockitoContextCustomizer@0, org.springframework.boot.test.web.client.TestRestTemplateContextCustomizer@7f572c37, org.springframework.boot.test.autoconfigure.actuate.metrics.MetricsExportContextCustomizerFactory$DisableMetricExportContextCustomizer@6f89292e, org.springframework.boot.test.autoconfigure.properties.PropertyMappingContextCustomizer@0, org.springframework.boot.test.autoconfigure.web.servlet.WebDriverContextCustomizerFactory$Customizer@bd1111a, org.springframework.boot.test.context.SpringBootTestArgs@1, org.springframework.boot.test.context.SpringBootTestWebEnvironment@5276d6ee], resourceBasePath = 'src/main/webapp', contextLoader = 'org.springframework.boot.test.context.SpringBootContextLoader', parent = [null]], attributes = map['org.springframework.test.context.web.ServletTestExecutionListener.activateListener' -> true, 'org.springframework.test.context.web.ServletTestExecutionListener.populatedRequestContextHolder' -> true, 'org.springframework.test.context.web.ServletTestExecutionListener.resetRequestContextHolder' -> true, 'org.springframework.test.context.event.ApplicationEventsTestExecutionListener.recordApplicationEvents' -> false]]; transaction manager [org.springframework.orm.jpa.JpaTransactionManager@56f1fcd6]; rollback [true]
21:38:57.057 [main] INFO  o.s.t.c.t.TransactionContext - Rolled back transaction for test: [DefaultTestContext@311d2b2a testClass = AchievementFailedRepositoryTests, testInstance = com.uu.au.repository.AchievementFailedRepositoryTests@40ac6287, testMethod = testFindAll@AchievementFailedRepositoryTests, testException = [null], mergedContextConfiguration = [WebMergedContextConfiguration@1b0468d1 testClass = AchievementFailedRepositoryTests, locations = '{}', classes = '{class com.uu.au.AUPortal}', contextInitializerClasses = '[]', activeProfiles = '{}', propertySourceLocations = '{}', propertySourceProperties = '{org.springframework.boot.test.context.SpringBootTestContextBootstrapper=true}', contextCustomizers = set[org.springframework.boot.test.context.filter.ExcludeFilterContextCustomizer@7de843ef, org.springframework.boot.test.json.DuplicateJsonObjectContextCustomizerFactory$DuplicateJsonObjectContextCustomizer@69e49a81, org.springframework.boot.test.mock.mockito.MockitoContextCustomizer@0, org.springframework.boot.test.web.client.TestRestTemplateContextCustomizer@7f572c37, org.springframework.boot.test.autoconfigure.actuate.metrics.MetricsExportContextCustomizerFactory$DisableMetricExportContextCustomizer@6f89292e, org.springframework.boot.test.autoconfigure.properties.PropertyMappingContextCustomizer@0, org.springframework.boot.test.autoconfigure.web.servlet.WebDriverContextCustomizerFactory$Customizer@bd1111a, org.springframework.boot.test.context.SpringBootTestArgs@1, org.springframework.boot.test.context.SpringBootTestWebEnvironment@5276d6ee], resourceBasePath = 'src/main/webapp', contextLoader = 'org.springframework.boot.test.context.SpringBootContextLoader', parent = [null]], attributes = map['org.springframework.test.context.web.ServletTestExecutionListener.activateListener' -> true, 'org.springframework.test.context.web.ServletTestExecutionListener.populatedRequestContextHolder' -> true, 'org.springframework.test.context.web.ServletTestExecutionListener.resetRequestContextHolder' -> true, 'org.springframework.test.context.event.ApplicationEventsTestExecutionListener.recordApplicationEvents' -> false]]
[[1;34mINFO[m] [1;32mTests run: [0;1;32m1[m, Failures: 0, Errors: 0, Skipped: 0, Time elapsed: 11.516 s - in com.uu.au.repository.[1mAchievementFailedRepositoryTests[m
[[1;34mINFO[m] Running com.uu.au.repository.[1mDemonstrationRepositoryTests[m
21:38:57.071 [main] INFO  o.s.b.t.c.SpringBootTestContextBootstrapper - Neither @ContextConfiguration nor @ContextHierarchy found for test class [com.uu.au.repository.DemonstrationRepositoryTests], using SpringBootContextLoader
21:38:57.072 [main] INFO  o.s.t.c.s.AbstractContextLoader - Could not detect default resource locations for test class [com.uu.au.repository.DemonstrationRepositoryTests]: no resource found for suffixes {-context.xml, Context.groovy}.
21:38:57.073 [main] INFO  o.s.t.c.s.AnnotationConfigContextLoaderUtils - Could not detect default configuration classes for test class [com.uu.au.repository.DemonstrationRepositoryTests]: DemonstrationRepositoryTests does not declare any static, non-private, non-final, nested classes annotated with @Configuration.
21:38:57.075 [main] INFO  o.s.b.t.c.SpringBootTestContextBootstrapper - Found @SpringBootConfiguration com.uu.au.AUPortal for test class com.uu.au.repository.DemonstrationRepositoryTests
21:38:57.077 [main] INFO  o.s.b.t.c.SpringBootTestContextBootstrapper - Loaded default TestExecutionListener class names from location [META-INF/spring.factories]: [org.springframework.boot.test.mock.mockito.MockitoTestExecutionListener, org.springframework.boot.test.mock.mockito.ResetMocksTestExecutionListener, org.springframework.boot.test.autoconfigure.restdocs.RestDocsTestExecutionListener, org.springframework.boot.test.autoconfigure.web.client.MockRestServiceServerResetTestExecutionListener, org.springframework.boot.test.autoconfigure.web.servlet.MockMvcPrintOnlyOnFailureTestExecutionListener, org.springframework.boot.test.autoconfigure.web.servlet.WebDriverTestExecutionListener, org.springframework.boot.test.autoconfigure.webservices.client.MockWebServiceServerTestExecutionListener, org.springframework.test.context.web.ServletTestExecutionListener, org.springframework.test.context.support.DirtiesContextBeforeModesTestExecutionListener, org.springframework.test.context.event.ApplicationEventsTestExecutionListener, org.springframework.test.context.support.DependencyInjectionTestExecutionListener, org.springframework.test.context.support.DirtiesContextTestExecutionListener, org.springframework.test.context.transaction.TransactionalTestExecutionListener, org.springframework.test.context.jdbc.SqlScriptsTestExecutionListener, org.springframework.test.context.event.EventPublishingTestExecutionListener]
21:38:57.077 [main] INFO  o.s.b.t.c.SpringBootTestContextBootstrapper - Using TestExecutionListeners: [org.springframework.test.context.web.ServletTestExecutionListener@6df3efab, org.springframework.test.context.support.DirtiesContextBeforeModesTestExecutionListener@34337ea7, org.springframework.test.context.event.ApplicationEventsTestExecutionListener@25c65e25, org.springframework.boot.test.mock.mockito.MockitoTestExecutionListener@4e6b5d8c, org.springframework.boot.test.autoconfigure.SpringBootDependencyInjectionTestExecutionListener@3c976d5d, org.springframework.test.context.support.DirtiesContextTestExecutionListener@13feea2e, org.springframework.test.context.transaction.TransactionalTestExecutionListener@45eb902, org.springframework.test.context.jdbc.SqlScriptsTestExecutionListener@10cd0338, org.springframework.test.context.event.EventPublishingTestExecutionListener@17b779f9, org.springframework.boot.test.mock.mockito.ResetMocksTestExecutionListener@737c5ebb, org.springframework.boot.test.autoconfigure.restdocs.RestDocsTestExecutionListener@21b7f7f, org.springframework.boot.test.autoconfigure.web.client.MockRestServiceServerResetTestExecutionListener@7ab768c7, org.springframework.boot.test.autoconfigure.web.servlet.MockMvcPrintOnlyOnFailureTestExecutionListener@56e3aed9, org.springframework.boot.test.autoconfigure.web.servlet.WebDriverTestExecutionListener@477bab38, org.springframework.boot.test.autoconfigure.webservices.client.MockWebServiceServerTestExecutionListener@1e42c42f]
21:38:57.085 [main] INFO  o.s.t.c.t.TransactionContext - Began transaction (1) for test context [DefaultTestContext@375ef82a testClass = DemonstrationRepositoryTests, testInstance = com.uu.au.repository.DemonstrationRepositoryTests@76b09f19, testMethod = testFindAll@DemonstrationRepositoryTests, testException = [null], mergedContextConfiguration = [WebMergedContextConfiguration@171301f testClass = DemonstrationRepositoryTests, locations = '{}', classes = '{class com.uu.au.AUPortal}', contextInitializerClasses = '[]', activeProfiles = '{}', propertySourceLocations = '{}', propertySourceProperties = '{org.springframework.boot.test.context.SpringBootTestContextBootstrapper=true}', contextCustomizers = set[org.springframework.boot.test.context.filter.ExcludeFilterContextCustomizer@7de843ef, org.springframework.boot.test.json.DuplicateJsonObjectContextCustomizerFactory$DuplicateJsonObjectContextCustomizer@69e49a81, org.springframework.boot.test.mock.mockito.MockitoContextCustomizer@0, org.springframework.boot.test.web.client.TestRestTemplateContextCustomizer@7f572c37, org.springframework.boot.test.autoconfigure.actuate.metrics.MetricsExportContextCustomizerFactory$DisableMetricExportContextCustomizer@6f89292e, org.springframework.boot.test.autoconfigure.properties.PropertyMappingContextCustomizer@0, org.springframework.boot.test.autoconfigure.web.servlet.WebDriverContextCustomizerFactory$Customizer@bd1111a, org.springframework.boot.test.context.SpringBootTestArgs@1, org.springframework.boot.test.context.SpringBootTestWebEnvironment@5276d6ee], resourceBasePath = 'src/main/webapp', contextLoader = 'org.springframework.boot.test.context.SpringBootContextLoader', parent = [null]], attributes = map['org.springframework.test.context.web.ServletTestExecutionListener.activateListener' -> true, 'org.springframework.test.context.web.ServletTestExecutionListener.populatedRequestContextHolder' -> true, 'org.springframework.test.context.web.ServletTestExecutionListener.resetRequestContextHolder' -> true, 'org.springframework.test.context.event.ApplicationEventsTestExecutionListener.recordApplicationEvents' -> false]]; transaction manager [org.springframework.orm.jpa.JpaTransactionManager@56f1fcd6]; rollback [true]
21:38:57.115 [main] INFO  o.s.t.c.t.TransactionContext - Rolled back transaction for test: [DefaultTestContext@375ef82a testClass = DemonstrationRepositoryTests, testInstance = com.uu.au.repository.DemonstrationRepositoryTests@76b09f19, testMethod = testFindAll@DemonstrationRepositoryTests, testException = [null], mergedContextConfiguration = [WebMergedContextConfiguration@171301f testClass = DemonstrationRepositoryTests, locations = '{}', classes = '{class com.uu.au.AUPortal}', contextInitializerClasses = '[]', activeProfiles = '{}', propertySourceLocations = '{}', propertySourceProperties = '{org.springframework.boot.test.context.SpringBootTestContextBootstrapper=true}', contextCustomizers = set[org.springframework.boot.test.context.filter.ExcludeFilterContextCustomizer@7de843ef, org.springframework.boot.test.json.DuplicateJsonObjectContextCustomizerFactory$DuplicateJsonObjectContextCustomizer@69e49a81, org.springframework.boot.test.mock.mockito.MockitoContextCustomizer@0, org.springframework.boot.test.web.client.TestRestTemplateContextCustomizer@7f572c37, org.springframework.boot.test.autoconfigure.actuate.metrics.MetricsExportContextCustomizerFactory$DisableMetricExportContextCustomizer@6f89292e, org.springframework.boot.test.autoconfigure.properties.PropertyMappingContextCustomizer@0, org.springframework.boot.test.autoconfigure.web.servlet.WebDriverContextCustomizerFactory$Customizer@bd1111a, org.springframework.boot.test.context.SpringBootTestArgs@1, org.springframework.boot.test.context.SpringBootTestWebEnvironment@5276d6ee], resourceBasePath = 'src/main/webapp', contextLoader = 'org.springframework.boot.test.context.SpringBootContextLoader', parent = [null]], attributes = map['org.springframework.test.context.web.ServletTestExecutionListener.activateListener' -> true, 'org.springframework.test.context.web.ServletTestExecutionListener.populatedRequestContextHolder' -> true, 'org.springframework.test.context.web.ServletTestExecutionListener.resetRequestContextHolder' -> true, 'org.springframework.test.context.event.ApplicationEventsTestExecutionListener.recordApplicationEvents' -> false]]
21:38:57.118 [main] INFO  o.s.t.c.t.TransactionContext - Began transaction (1) for test context [DefaultTestContext@375ef82a testClass = DemonstrationRepositoryTests, testInstance = com.uu.au.repository.DemonstrationRepositoryTests@4e000f70, testMethod = testUsersWithActiveDemoRequests@DemonstrationRepositoryTests, testException = [null], mergedContextConfiguration = [WebMergedContextConfiguration@171301f testClass = DemonstrationRepositoryTests, locations = '{}', classes = '{class com.uu.au.AUPortal}', contextInitializerClasses = '[]', activeProfiles = '{}', propertySourceLocations = '{}', propertySourceProperties = '{org.springframework.boot.test.context.SpringBootTestContextBootstrapper=true}', contextCustomizers = set[org.springframework.boot.test.context.filter.ExcludeFilterContextCustomizer@7de843ef, org.springframework.boot.test.json.DuplicateJsonObjectContextCustomizerFactory$DuplicateJsonObjectContextCustomizer@69e49a81, org.springframework.boot.test.mock.mockito.MockitoContextCustomizer@0, org.springframework.boot.test.web.client.TestRestTemplateContextCustomizer@7f572c37, org.springframework.boot.test.autoconfigure.actuate.metrics.MetricsExportContextCustomizerFactory$DisableMetricExportContextCustomizer@6f89292e, org.springframework.boot.test.autoconfigure.properties.PropertyMappingContextCustomizer@0, org.springframework.boot.test.autoconfigure.web.servlet.WebDriverContextCustomizerFactory$Customizer@bd1111a, org.springframework.boot.test.context.SpringBootTestArgs@1, org.springframework.boot.test.context.SpringBootTestWebEnvironment@5276d6ee], resourceBasePath = 'src/main/webapp', contextLoader = 'org.springframework.boot.test.context.SpringBootContextLoader', parent = [null]], attributes = map['org.springframework.test.context.web.ServletTestExecutionListener.activateListener' -> true, 'org.springframework.test.context.web.ServletTestExecutionListener.populatedRequestContextHolder' -> true, 'org.springframework.test.context.web.ServletTestExecutionListener.resetRequestContextHolder' -> true, 'org.springframework.test.context.event.ApplicationEventsTestExecutionListener.recordApplicationEvents' -> false]]; transaction manager [org.springframework.orm.jpa.JpaTransactionManager@56f1fcd6]; rollback [true]
21:38:57.176 [main] INFO  o.s.t.c.t.TransactionContext - Rolled back transaction for test: [DefaultTestContext@375ef82a testClass = DemonstrationRepositoryTests, testInstance = com.uu.au.repository.DemonstrationRepositoryTests@4e000f70, testMethod = testUsersWithActiveDemoRequests@DemonstrationRepositoryTests, testException = [null], mergedContextConfiguration = [WebMergedContextConfiguration@171301f testClass = DemonstrationRepositoryTests, locations = '{}', classes = '{class com.uu.au.AUPortal}', contextInitializerClasses = '[]', activeProfiles = '{}', propertySourceLocations = '{}', propertySourceProperties = '{org.springframework.boot.test.context.SpringBootTestContextBootstrapper=true}', contextCustomizers = set[org.springframework.boot.test.context.filter.ExcludeFilterContextCustomizer@7de843ef, org.springframework.boot.test.json.DuplicateJsonObjectContextCustomizerFactory$DuplicateJsonObjectContextCustomizer@69e49a81, org.springframework.boot.test.mock.mockito.MockitoContextCustomizer@0, org.springframework.boot.test.web.client.TestRestTemplateContextCustomizer@7f572c37, org.springframework.boot.test.autoconfigure.actuate.metrics.MetricsExportContextCustomizerFactory$DisableMetricExportContextCustomizer@6f89292e, org.springframework.boot.test.autoconfigure.properties.PropertyMappingContextCustomizer@0, org.springframework.boot.test.autoconfigure.web.servlet.WebDriverContextCustomizerFactory$Customizer@bd1111a, org.springframework.boot.test.context.SpringBootTestArgs@1, org.springframework.boot.test.context.SpringBootTestWebEnvironment@5276d6ee], resourceBasePath = 'src/main/webapp', contextLoader = 'org.springframework.boot.test.context.SpringBootContextLoader', parent = [null]], attributes = map['org.springframework.test.context.web.ServletTestExecutionListener.activateListener' -> true, 'org.springframework.test.context.web.ServletTestExecutionListener.populatedRequestContextHolder' -> true, 'org.springframework.test.context.web.ServletTestExecutionListener.resetRequestContextHolder' -> true, 'org.springframework.test.context.event.ApplicationEventsTestExecutionListener.recordApplicationEvents' -> false]]
21:38:57.179 [main] INFO  o.s.t.c.t.TransactionContext - Began transaction (1) for test context [DefaultTestContext@375ef82a testClass = DemonstrationRepositoryTests, testInstance = com.uu.au.repository.DemonstrationRepositoryTests@9ba346c, testMethod = testFindAllBySubmitters@DemonstrationRepositoryTests, testException = [null], mergedContextConfiguration = [WebMergedContextConfiguration@171301f testClass = DemonstrationRepositoryTests, locations = '{}', classes = '{class com.uu.au.AUPortal}', contextInitializerClasses = '[]', activeProfiles = '{}', propertySourceLocations = '{}', propertySourceProperties = '{org.springframework.boot.test.context.SpringBootTestContextBootstrapper=true}', contextCustomizers = set[org.springframework.boot.test.context.filter.ExcludeFilterContextCustomizer@7de843ef, org.springframework.boot.test.json.DuplicateJsonObjectContextCustomizerFactory$DuplicateJsonObjectContextCustomizer@69e49a81, org.springframework.boot.test.mock.mockito.MockitoContextCustomizer@0, org.springframework.boot.test.web.client.TestRestTemplateContextCustomizer@7f572c37, org.springframework.boot.test.autoconfigure.actuate.metrics.MetricsExportContextCustomizerFactory$DisableMetricExportContextCustomizer@6f89292e, org.springframework.boot.test.autoconfigure.properties.PropertyMappingContextCustomizer@0, org.springframework.boot.test.autoconfigure.web.servlet.WebDriverContextCustomizerFactory$Customizer@bd1111a, org.springframework.boot.test.context.SpringBootTestArgs@1, org.springframework.boot.test.context.SpringBootTestWebEnvironment@5276d6ee], resourceBasePath = 'src/main/webapp', contextLoader = 'org.springframework.boot.test.context.SpringBootContextLoader', parent = [null]], attributes = map['org.springframework.test.context.web.ServletTestExecutionListener.activateListener' -> true, 'org.springframework.test.context.web.ServletTestExecutionListener.populatedRequestContextHolder' -> true, 'org.springframework.test.context.web.ServletTestExecutionListener.resetRequestContextHolder' -> true, 'org.springframework.test.context.event.ApplicationEventsTestExecutionListener.recordApplicationEvents' -> false]]; transaction manager [org.springframework.orm.jpa.JpaTransactionManager@56f1fcd6]; rollback [true]
21:38:57.235 [main] INFO  o.s.t.c.t.TransactionContext - Rolled back transaction for test: [DefaultTestContext@375ef82a testClass = DemonstrationRepositoryTests, testInstance = com.uu.au.repository.DemonstrationRepositoryTests@9ba346c, testMethod = testFindAllBySubmitters@DemonstrationRepositoryTests, testException = [null], mergedContextConfiguration = [WebMergedContextConfiguration@171301f testClass = DemonstrationRepositoryTests, locations = '{}', classes = '{class com.uu.au.AUPortal}', contextInitializerClasses = '[]', activeProfiles = '{}', propertySourceLocations = '{}', propertySourceProperties = '{org.springframework.boot.test.context.SpringBootTestContextBootstrapper=true}', contextCustomizers = set[org.springframework.boot.test.context.filter.ExcludeFilterContextCustomizer@7de843ef, org.springframework.boot.test.json.DuplicateJsonObjectContextCustomizerFactory$DuplicateJsonObjectContextCustomizer@69e49a81, org.springframework.boot.test.mock.mockito.MockitoContextCustomizer@0, org.springframework.boot.test.web.client.TestRestTemplateContextCustomizer@7f572c37, org.springframework.boot.test.autoconfigure.actuate.metrics.MetricsExportContextCustomizerFactory$DisableMetricExportContextCustomizer@6f89292e, org.springframework.boot.test.autoconfigure.properties.PropertyMappingContextCustomizer@0, org.springframework.boot.test.autoconfigure.web.servlet.WebDriverContextCustomizerFactory$Customizer@bd1111a, org.springframework.boot.test.context.SpringBootTestArgs@1, org.springframework.boot.test.context.SpringBootTestWebEnvironment@5276d6ee], resourceBasePath = 'src/main/webapp', contextLoader = 'org.springframework.boot.test.context.SpringBootContextLoader', parent = [null]], attributes = map['org.springframework.test.context.web.ServletTestExecutionListener.activateListener' -> true, 'org.springframework.test.context.web.ServletTestExecutionListener.populatedRequestContextHolder' -> true, 'org.springframework.test.context.web.ServletTestExecutionListener.resetRequestContextHolder' -> true, 'org.springframework.test.context.event.ApplicationEventsTestExecutionListener.recordApplicationEvents' -> false]]
21:38:57.244 [main] INFO  o.s.t.c.t.TransactionContext - Began transaction (1) for test context [DefaultTestContext@375ef82a testClass = DemonstrationRepositoryTests, testInstance = com.uu.au.repository.DemonstrationRepositoryTests@12a8809a, testMethod = testFindAllByExaminer@DemonstrationRepositoryTests, testException = [null], mergedContextConfiguration = [WebMergedContextConfiguration@171301f testClass = DemonstrationRepositoryTests, locations = '{}', classes = '{class com.uu.au.AUPortal}', contextInitializerClasses = '[]', activeProfiles = '{}', propertySourceLocations = '{}', propertySourceProperties = '{org.springframework.boot.test.context.SpringBootTestContextBootstrapper=true}', contextCustomizers = set[org.springframework.boot.test.context.filter.ExcludeFilterContextCustomizer@7de843ef, org.springframework.boot.test.json.DuplicateJsonObjectContextCustomizerFactory$DuplicateJsonObjectContextCustomizer@69e49a81, org.springframework.boot.test.mock.mockito.MockitoContextCustomizer@0, org.springframework.boot.test.web.client.TestRestTemplateContextCustomizer@7f572c37, org.springframework.boot.test.autoconfigure.actuate.metrics.MetricsExportContextCustomizerFactory$DisableMetricExportContextCustomizer@6f89292e, org.springframework.boot.test.autoconfigure.properties.PropertyMappingContextCustomizer@0, org.springframework.boot.test.autoconfigure.web.servlet.WebDriverContextCustomizerFactory$Customizer@bd1111a, org.springframework.boot.test.context.SpringBootTestArgs@1, org.springframework.boot.test.context.SpringBootTestWebEnvironment@5276d6ee], resourceBasePath = 'src/main/webapp', contextLoader = 'org.springframework.boot.test.context.SpringBootContextLoader', parent = [null]], attributes = map['org.springframework.test.context.web.ServletTestExecutionListener.activateListener' -> true, 'org.springframework.test.context.web.ServletTestExecutionListener.populatedRequestContextHolder' -> true, 'org.springframework.test.context.web.ServletTestExecutionListener.resetRequestContextHolder' -> true, 'org.springframework.test.context.event.ApplicationEventsTestExecutionListener.recordApplicationEvents' -> false]]; transaction manager [org.springframework.orm.jpa.JpaTransactionManager@56f1fcd6]; rollback [true]
21:38:57.273 [main] INFO  o.s.t.c.t.TransactionContext - Rolled back transaction for test: [DefaultTestContext@375ef82a testClass = DemonstrationRepositoryTests, testInstance = com.uu.au.repository.DemonstrationRepositoryTests@12a8809a, testMethod = testFindAllByExaminer@DemonstrationRepositoryTests, testException = [null], mergedContextConfiguration = [WebMergedContextConfiguration@171301f testClass = DemonstrationRepositoryTests, locations = '{}', classes = '{class com.uu.au.AUPortal}', contextInitializerClasses = '[]', activeProfiles = '{}', propertySourceLocations = '{}', propertySourceProperties = '{org.springframework.boot.test.context.SpringBootTestContextBootstrapper=true}', contextCustomizers = set[org.springframework.boot.test.context.filter.ExcludeFilterContextCustomizer@7de843ef, org.springframework.boot.test.json.DuplicateJsonObjectContextCustomizerFactory$DuplicateJsonObjectContextCustomizer@69e49a81, org.springframework.boot.test.mock.mockito.MockitoContextCustomizer@0, org.springframework.boot.test.web.client.TestRestTemplateContextCustomizer@7f572c37, org.springframework.boot.test.autoconfigure.actuate.metrics.MetricsExportContextCustomizerFactory$DisableMetricExportContextCustomizer@6f89292e, org.springframework.boot.test.autoconfigure.properties.PropertyMappingContextCustomizer@0, org.springframework.boot.test.autoconfigure.web.servlet.WebDriverContextCustomizerFactory$Customizer@bd1111a, org.springframework.boot.test.context.SpringBootTestArgs@1, org.springframework.boot.test.context.SpringBootTestWebEnvironment@5276d6ee], resourceBasePath = 'src/main/webapp', contextLoader = 'org.springframework.boot.test.context.SpringBootContextLoader', parent = [null]], attributes = map['org.springframework.test.context.web.ServletTestExecutionListener.activateListener' -> true, 'org.springframework.test.context.web.ServletTestExecutionListener.populatedRequestContextHolder' -> true, 'org.springframework.test.context.web.ServletTestExecutionListener.resetRequestContextHolder' -> true, 'org.springframework.test.context.event.ApplicationEventsTestExecutionListener.recordApplicationEvents' -> false]]
[[1;34mINFO[m] [1;32mTests run: [0;1;32m4[m, Failures: 0, Errors: 0, Skipped: 0, Time elapsed: 0.207 s - in com.uu.au.repository.[1mDemonstrationRepositoryTests[m
[[1;34mINFO[m] Running com.uu.au.repository.[1mMockedDemonstrationRepositoryTests[m
[[1;34mINFO[m] [1;32mTests run: [0;1;32m3[m, Failures: 0, Errors: 0, Skipped: 0, Time elapsed: 0.204 s - in com.uu.au.repository.[1mMockedDemonstrationRepositoryTests[m
[[1;34mINFO[m] Running com.uu.au.repository.[1mTargetLevelRepositoryTests[m
21:38:57.494 [main] INFO  o.s.b.t.c.SpringBootTestContextBootstrapper - Neither @ContextConfiguration nor @ContextHierarchy found for test class [com.uu.au.repository.TargetLevelRepositoryTests], using SpringBootContextLoader
21:38:57.495 [main] INFO  o.s.t.c.s.AbstractContextLoader - Could not detect default resource locations for test class [com.uu.au.repository.TargetLevelRepositoryTests]: no resource found for suffixes {-context.xml, Context.groovy}.
21:38:57.496 [main] INFO  o.s.t.c.s.AnnotationConfigContextLoaderUtils - Could not detect default configuration classes for test class [com.uu.au.repository.TargetLevelRepositoryTests]: TargetLevelRepositoryTests does not declare any static, non-private, non-final, nested classes annotated with @Configuration.
21:38:57.498 [main] INFO  o.s.b.t.c.SpringBootTestContextBootstrapper - Found @SpringBootConfiguration com.uu.au.AUPortal for test class com.uu.au.repository.TargetLevelRepositoryTests
21:38:57.499 [main] INFO  o.s.b.t.c.SpringBootTestContextBootstrapper - Loaded default TestExecutionListener class names from location [META-INF/spring.factories]: [org.springframework.boot.test.mock.mockito.MockitoTestExecutionListener, org.springframework.boot.test.mock.mockito.ResetMocksTestExecutionListener, org.springframework.boot.test.autoconfigure.restdocs.RestDocsTestExecutionListener, org.springframework.boot.test.autoconfigure.web.client.MockRestServiceServerResetTestExecutionListener, org.springframework.boot.test.autoconfigure.web.servlet.MockMvcPrintOnlyOnFailureTestExecutionListener, org.springframework.boot.test.autoconfigure.web.servlet.WebDriverTestExecutionListener, org.springframework.boot.test.autoconfigure.webservices.client.MockWebServiceServerTestExecutionListener, org.springframework.test.context.web.ServletTestExecutionListener, org.springframework.test.context.support.DirtiesContextBeforeModesTestExecutionListener, org.springframework.test.context.event.ApplicationEventsTestExecutionListener, org.springframework.test.context.support.DependencyInjectionTestExecutionListener, org.springframework.test.context.support.DirtiesContextTestExecutionListener, org.springframework.test.context.transaction.TransactionalTestExecutionListener, org.springframework.test.context.jdbc.SqlScriptsTestExecutionListener, org.springframework.test.context.event.EventPublishingTestExecutionListener]
21:38:57.503 [main] INFO  o.s.b.t.c.SpringBootTestContextBootstrapper - Using TestExecutionListeners: [org.springframework.test.context.web.ServletTestExecutionListener@2b452bc7, org.springframework.test.context.support.DirtiesContextBeforeModesTestExecutionListener@84cba81, org.springframework.test.context.event.ApplicationEventsTestExecutionListener@468a308e, org.springframework.boot.test.mock.mockito.MockitoTestExecutionListener@337f81c6, org.springframework.boot.test.autoconfigure.SpringBootDependencyInjectionTestExecutionListener@31e69f7d, org.springframework.test.context.support.DirtiesContextTestExecutionListener@5c93b372, org.springframework.test.context.transaction.TransactionalTestExecutionListener@4b8ae62e, org.springframework.test.context.jdbc.SqlScriptsTestExecutionListener@4b43f28, org.springframework.test.context.event.EventPublishingTestExecutionListener@1ac45b4, org.springframework.boot.test.mock.mockito.ResetMocksTestExecutionListener@40e57ed0, org.springframework.boot.test.autoconfigure.restdocs.RestDocsTestExecutionListener@5cc24b74, org.springframework.boot.test.autoconfigure.web.client.MockRestServiceServerResetTestExecutionListener@79aa72bb, org.springframework.boot.test.autoconfigure.web.servlet.MockMvcPrintOnlyOnFailureTestExecutionListener@1ac819df, org.springframework.boot.test.autoconfigure.web.servlet.WebDriverTestExecutionListener@7130e7a8, org.springframework.boot.test.autoconfigure.webservices.client.MockWebServiceServerTestExecutionListener@3fe79b11]
21:38:57.511 [main] INFO  o.s.t.c.t.TransactionContext - Began transaction (1) for test context [DefaultTestContext@4f2eec7c testClass = TargetLevelRepositoryTests, testInstance = com.uu.au.repository.TargetLevelRepositoryTests@39d55f96, testMethod = testFindAll@TargetLevelRepositoryTests, testException = [null], mergedContextConfiguration = [WebMergedContextConfiguration@3ae974ae testClass = TargetLevelRepositoryTests, locations = '{}', classes = '{class com.uu.au.AUPortal}', contextInitializerClasses = '[]', activeProfiles = '{}', propertySourceLocations = '{}', propertySourceProperties = '{org.springframework.boot.test.context.SpringBootTestContextBootstrapper=true}', contextCustomizers = set[org.springframework.boot.test.context.filter.ExcludeFilterContextCustomizer@7de843ef, org.springframework.boot.test.json.DuplicateJsonObjectContextCustomizerFactory$DuplicateJsonObjectContextCustomizer@69e49a81, org.springframework.boot.test.mock.mockito.MockitoContextCustomizer@0, org.springframework.boot.test.web.client.TestRestTemplateContextCustomizer@7f572c37, org.springframework.boot.test.autoconfigure.actuate.metrics.MetricsExportContextCustomizerFactory$DisableMetricExportContextCustomizer@6f89292e, org.springframework.boot.test.autoconfigure.properties.PropertyMappingContextCustomizer@0, org.springframework.boot.test.autoconfigure.web.servlet.WebDriverContextCustomizerFactory$Customizer@bd1111a, org.springframework.boot.test.context.SpringBootTestArgs@1, org.springframework.boot.test.context.SpringBootTestWebEnvironment@5276d6ee], resourceBasePath = 'src/main/webapp', contextLoader = 'org.springframework.boot.test.context.SpringBootContextLoader', parent = [null]], attributes = map['org.springframework.test.context.web.ServletTestExecutionListener.activateListener' -> true, 'org.springframework.test.context.web.ServletTestExecutionListener.populatedRequestContextHolder' -> true, 'org.springframework.test.context.web.ServletTestExecutionListener.resetRequestContextHolder' -> true, 'org.springframework.test.context.event.ApplicationEventsTestExecutionListener.recordApplicationEvents' -> false]]; transaction manager [org.springframework.orm.jpa.JpaTransactionManager@56f1fcd6]; rollback [true]
21:38:57.533 [main] INFO  o.s.t.c.t.TransactionContext - Rolled back transaction for test: [DefaultTestContext@4f2eec7c testClass = TargetLevelRepositoryTests, testInstance = com.uu.au.repository.TargetLevelRepositoryTests@39d55f96, testMethod = testFindAll@TargetLevelRepositoryTests, testException = [null], mergedContextConfiguration = [WebMergedContextConfiguration@3ae974ae testClass = TargetLevelRepositoryTests, locations = '{}', classes = '{class com.uu.au.AUPortal}', contextInitializerClasses = '[]', activeProfiles = '{}', propertySourceLocations = '{}', propertySourceProperties = '{org.springframework.boot.test.context.SpringBootTestContextBootstrapper=true}', contextCustomizers = set[org.springframework.boot.test.context.filter.ExcludeFilterContextCustomizer@7de843ef, org.springframework.boot.test.json.DuplicateJsonObjectContextCustomizerFactory$DuplicateJsonObjectContextCustomizer@69e49a81, org.springframework.boot.test.mock.mockito.MockitoContextCustomizer@0, org.springframework.boot.test.web.client.TestRestTemplateContextCustomizer@7f572c37, org.springframework.boot.test.autoconfigure.actuate.metrics.MetricsExportContextCustomizerFactory$DisableMetricExportContextCustomizer@6f89292e, org.springframework.boot.test.autoconfigure.properties.PropertyMappingContextCustomizer@0, org.springframework.boot.test.autoconfigure.web.servlet.WebDriverContextCustomizerFactory$Customizer@bd1111a, org.springframework.boot.test.context.SpringBootTestArgs@1, org.springframework.boot.test.context.SpringBootTestWebEnvironment@5276d6ee], resourceBasePath = 'src/main/webapp', contextLoader = 'org.springframework.boot.test.context.SpringBootContextLoader', parent = [null]], attributes = map['org.springframework.test.context.web.ServletTestExecutionListener.activateListener' -> true, 'org.springframework.test.context.web.ServletTestExecutionListener.populatedRequestContextHolder' -> true, 'org.springframework.test.context.web.ServletTestExecutionListener.resetRequestContextHolder' -> true, 'org.springframework.test.context.event.ApplicationEventsTestExecutionListener.recordApplicationEvents' -> false]]
[[1;34mINFO[m] [1;32mTests run: [0;1;32m1[m, Failures: 0, Errors: 0, Skipped: 0, Time elapsed: 0.047 s - in com.uu.au.repository.[1mTargetLevelRepositoryTests[m
[[1;34mINFO[m] Running com.uu.au.repository.[1mAchievementRepositoryTests[m
21:38:57.545 [main] INFO  o.s.b.t.c.SpringBootTestContextBootstrapper - Neither @ContextConfiguration nor @ContextHierarchy found for test class [com.uu.au.repository.AchievementRepositoryTests], using SpringBootContextLoader
21:38:57.546 [main] INFO  o.s.t.c.s.AbstractContextLoader - Could not detect default resource locations for test class [com.uu.au.repository.AchievementRepositoryTests]: no resource found for suffixes {-context.xml, Context.groovy}.
21:38:57.547 [main] INFO  o.s.t.c.s.AnnotationConfigContextLoaderUtils - Could not detect default configuration classes for test class [com.uu.au.repository.AchievementRepositoryTests]: AchievementRepositoryTests does not declare any static, non-private, non-final, nested classes annotated with @Configuration.
21:38:57.548 [main] INFO  o.s.b.t.c.SpringBootTestContextBootstrapper - Found @SpringBootConfiguration com.uu.au.AUPortal for test class com.uu.au.repository.AchievementRepositoryTests
21:38:57.550 [main] INFO  o.s.b.t.c.SpringBootTestContextBootstrapper - Loaded default TestExecutionListener class names from location [META-INF/spring.factories]: [org.springframework.boot.test.mock.mockito.MockitoTestExecutionListener, org.springframework.boot.test.mock.mockito.ResetMocksTestExecutionListener, org.springframework.boot.test.autoconfigure.restdocs.RestDocsTestExecutionListener, org.springframework.boot.test.autoconfigure.web.client.MockRestServiceServerResetTestExecutionListener, org.springframework.boot.test.autoconfigure.web.servlet.MockMvcPrintOnlyOnFailureTestExecutionListener, org.springframework.boot.test.autoconfigure.web.servlet.WebDriverTestExecutionListener, org.springframework.boot.test.autoconfigure.webservices.client.MockWebServiceServerTestExecutionListener, org.springframework.test.context.web.ServletTestExecutionListener, org.springframework.test.context.support.DirtiesContextBeforeModesTestExecutionListener, org.springframework.test.context.event.ApplicationEventsTestExecutionListener, org.springframework.test.context.support.DependencyInjectionTestExecutionListener, org.springframework.test.context.support.DirtiesContextTestExecutionListener, org.springframework.test.context.transaction.TransactionalTestExecutionListener, org.springframework.test.context.jdbc.SqlScriptsTestExecutionListener, org.springframework.test.context.event.EventPublishingTestExecutionListener]
21:38:57.552 [main] INFO  o.s.b.t.c.SpringBootTestContextBootstrapper - Using TestExecutionListeners: [org.springframework.test.context.web.ServletTestExecutionListener@686706ba, org.springframework.test.context.support.DirtiesContextBeforeModesTestExecutionListener@2d1f129c, org.springframework.test.context.event.ApplicationEventsTestExecutionListener@10676c80, org.springframework.boot.test.mock.mockito.MockitoTestExecutionListener@2c38c57d, org.springframework.boot.test.autoconfigure.SpringBootDependencyInjectionTestExecutionListener@7c3a4496, org.springframework.test.context.support.DirtiesContextTestExecutionListener@2964327f, org.springframework.test.context.transaction.TransactionalTestExecutionListener@2cc48bf, org.springframework.test.context.jdbc.SqlScriptsTestExecutionListener@683576b6, org.springframework.test.context.event.EventPublishingTestExecutionListener@468581d2, org.springframework.boot.test.mock.mockito.ResetMocksTestExecutionListener@4efab4b7, org.springframework.boot.test.autoconfigure.restdocs.RestDocsTestExecutionListener@2e139467, org.springframework.boot.test.autoconfigure.web.client.MockRestServiceServerResetTestExecutionListener@6dd0c7d5, org.springframework.boot.test.autoconfigure.web.servlet.MockMvcPrintOnlyOnFailureTestExecutionListener@73140ac, org.springframework.boot.test.autoconfigure.web.servlet.WebDriverTestExecutionListener@1c7503f1, org.springframework.boot.test.autoconfigure.webservices.client.MockWebServiceServerTestExecutionListener@2ef70cb4]
21:38:57.561 [main] INFO  o.s.t.c.t.TransactionContext - Began transaction (1) for test context [DefaultTestContext@484b94f2 testClass = AchievementRepositoryTests, testInstance = com.uu.au.repository.AchievementRepositoryTests@7c156c81, testMethod = testFindAll@AchievementRepositoryTests, testException = [null], mergedContextConfiguration = [WebMergedContextConfiguration@6a914d1b testClass = AchievementRepositoryTests, locations = '{}', classes = '{class com.uu.au.AUPortal}', contextInitializerClasses = '[]', activeProfiles = '{}', propertySourceLocations = '{}', propertySourceProperties = '{org.springframework.boot.test.context.SpringBootTestContextBootstrapper=true}', contextCustomizers = set[org.springframework.boot.test.context.filter.ExcludeFilterContextCustomizer@7de843ef, org.springframework.boot.test.json.DuplicateJsonObjectContextCustomizerFactory$DuplicateJsonObjectContextCustomizer@69e49a81, org.springframework.boot.test.mock.mockito.MockitoContextCustomizer@0, org.springframework.boot.test.web.client.TestRestTemplateContextCustomizer@7f572c37, org.springframework.boot.test.autoconfigure.actuate.metrics.MetricsExportContextCustomizerFactory$DisableMetricExportContextCustomizer@6f89292e, org.springframework.boot.test.autoconfigure.properties.PropertyMappingContextCustomizer@0, org.springframework.boot.test.autoconfigure.web.servlet.WebDriverContextCustomizerFactory$Customizer@bd1111a, org.springframework.boot.test.context.SpringBootTestArgs@1, org.springframework.boot.test.context.SpringBootTestWebEnvironment@5276d6ee], resourceBasePath = 'src/main/webapp', contextLoader = 'org.springframework.boot.test.context.SpringBootContextLoader', parent = [null]], attributes = map['org.springframework.test.context.web.ServletTestExecutionListener.activateListener' -> true, 'org.springframework.test.context.web.ServletTestExecutionListener.populatedRequestContextHolder' -> true, 'org.springframework.test.context.web.ServletTestExecutionListener.resetRequestContextHolder' -> true, 'org.springframework.test.context.event.ApplicationEventsTestExecutionListener.recordApplicationEvents' -> false]]; transaction manager [org.springframework.orm.jpa.JpaTransactionManager@56f1fcd6]; rollback [true]
21:38:57.585 [main] INFO  o.s.t.c.t.TransactionContext - Rolled back transaction for test: [DefaultTestContext@484b94f2 testClass = AchievementRepositoryTests, testInstance = com.uu.au.repository.AchievementRepositoryTests@7c156c81, testMethod = testFindAll@AchievementRepositoryTests, testException = [null], mergedContextConfiguration = [WebMergedContextConfiguration@6a914d1b testClass = AchievementRepositoryTests, locations = '{}', classes = '{class com.uu.au.AUPortal}', contextInitializerClasses = '[]', activeProfiles = '{}', propertySourceLocations = '{}', propertySourceProperties = '{org.springframework.boot.test.context.SpringBootTestContextBootstrapper=true}', contextCustomizers = set[org.springframework.boot.test.context.filter.ExcludeFilterContextCustomizer@7de843ef, org.springframework.boot.test.json.DuplicateJsonObjectContextCustomizerFactory$DuplicateJsonObjectContextCustomizer@69e49a81, org.springframework.boot.test.mock.mockito.MockitoContextCustomizer@0, org.springframework.boot.test.web.client.TestRestTemplateContextCustomizer@7f572c37, org.springframework.boot.test.autoconfigure.actuate.metrics.MetricsExportContextCustomizerFactory$DisableMetricExportContextCustomizer@6f89292e, org.springframework.boot.test.autoconfigure.properties.PropertyMappingContextCustomizer@0, org.springframework.boot.test.autoconfigure.web.servlet.WebDriverContextCustomizerFactory$Customizer@bd1111a, org.springframework.boot.test.context.SpringBootTestArgs@1, org.springframework.boot.test.context.SpringBootTestWebEnvironment@5276d6ee], resourceBasePath = 'src/main/webapp', contextLoader = 'org.springframework.boot.test.context.SpringBootContextLoader', parent = [null]], attributes = map['org.springframework.test.context.web.ServletTestExecutionListener.activateListener' -> true, 'org.springframework.test.context.web.ServletTestExecutionListener.populatedRequestContextHolder' -> true, 'org.springframework.test.context.web.ServletTestExecutionListener.resetRequestContextHolder' -> true, 'org.springframework.test.context.event.ApplicationEventsTestExecutionListener.recordApplicationEvents' -> false]]
[[1;34mINFO[m] [1;32mTests run: [0;1;32m1[m, Failures: 0, Errors: 0, Skipped: 0, Time elapsed: 0.045 s - in com.uu.au.repository.[1mAchievementRepositoryTests[m
[[1;34mINFO[m] Running com.uu.au.repository.[1mAchievementUnlockedRepositoryTests[m
21:38:57.594 [main] INFO  o.s.b.t.c.SpringBootTestContextBootstrapper - Neither @ContextConfiguration nor @ContextHierarchy found for test class [com.uu.au.repository.AchievementUnlockedRepositoryTests], using SpringBootContextLoader
21:38:57.596 [main] INFO  o.s.t.c.s.AbstractContextLoader - Could not detect default resource locations for test class [com.uu.au.repository.AchievementUnlockedRepositoryTests]: no resource found for suffixes {-context.xml, Context.groovy}.
21:38:57.597 [main] INFO  o.s.t.c.s.AnnotationConfigContextLoaderUtils - Could not detect default configuration classes for test class [com.uu.au.repository.AchievementUnlockedRepositoryTests]: AchievementUnlockedRepositoryTests does not declare any static, non-private, non-final, nested classes annotated with @Configuration.
21:38:57.603 [main] INFO  o.s.b.t.c.SpringBootTestContextBootstrapper - Found @SpringBootConfiguration com.uu.au.AUPortal for test class com.uu.au.repository.AchievementUnlockedRepositoryTests
21:38:57.605 [main] INFO  o.s.b.t.c.SpringBootTestContextBootstrapper - Loaded default TestExecutionListener class names from location [META-INF/spring.factories]: [org.springframework.boot.test.mock.mockito.MockitoTestExecutionListener, org.springframework.boot.test.mock.mockito.ResetMocksTestExecutionListener, org.springframework.boot.test.autoconfigure.restdocs.RestDocsTestExecutionListener, org.springframework.boot.test.autoconfigure.web.client.MockRestServiceServerResetTestExecutionListener, org.springframework.boot.test.autoconfigure.web.servlet.MockMvcPrintOnlyOnFailureTestExecutionListener, org.springframework.boot.test.autoconfigure.web.servlet.WebDriverTestExecutionListener, org.springframework.boot.test.autoconfigure.webservices.client.MockWebServiceServerTestExecutionListener, org.springframework.test.context.web.ServletTestExecutionListener, org.springframework.test.context.support.DirtiesContextBeforeModesTestExecutionListener, org.springframework.test.context.event.ApplicationEventsTestExecutionListener, org.springframework.test.context.support.DependencyInjectionTestExecutionListener, org.springframework.test.context.support.DirtiesContextTestExecutionListener, org.springframework.test.context.transaction.TransactionalTestExecutionListener, org.springframework.test.context.jdbc.SqlScriptsTestExecutionListener, org.springframework.test.context.event.EventPublishingTestExecutionListener]
21:38:57.606 [main] INFO  o.s.b.t.c.SpringBootTestContextBootstrapper - Using TestExecutionListeners: [org.springframework.test.context.web.ServletTestExecutionListener@827335b, org.springframework.test.context.support.DirtiesContextBeforeModesTestExecutionListener@442e3c9a, org.springframework.test.context.event.ApplicationEventsTestExecutionListener@36bc2ec5, org.springframework.boot.test.mock.mockito.MockitoTestExecutionListener@379c4c02, org.springframework.boot.test.autoconfigure.SpringBootDependencyInjectionTestExecutionListener@6100c41, org.springframework.test.context.support.DirtiesContextTestExecutionListener@33ef3af5, org.springframework.test.context.transaction.TransactionalTestExecutionListener@64f2e04b, org.springframework.test.context.jdbc.SqlScriptsTestExecutionListener@315b4c8b, org.springframework.test.context.event.EventPublishingTestExecutionListener@372f3ce5, org.springframework.boot.test.mock.mockito.ResetMocksTestExecutionListener@7ddd9067, org.springframework.boot.test.autoconfigure.restdocs.RestDocsTestExecutionListener@edec72f, org.springframework.boot.test.autoconfigure.web.client.MockRestServiceServerResetTestExecutionListener@650aed6b, org.springframework.boot.test.autoconfigure.web.servlet.MockMvcPrintOnlyOnFailureTestExecutionListener@2b8c2d3b, org.springframework.boot.test.autoconfigure.web.servlet.WebDriverTestExecutionListener@3ac3ce85, org.springframework.boot.test.autoconfigure.webservices.client.MockWebServiceServerTestExecutionListener@42dc814d]
21:38:57.612 [main] INFO  o.s.t.c.t.TransactionContext - Began transaction (1) for test context [DefaultTestContext@3a205307 testClass = AchievementUnlockedRepositoryTests, testInstance = com.uu.au.repository.AchievementUnlockedRepositoryTests@1e330520, testMethod = testFindAll@AchievementUnlockedRepositoryTests, testException = [null], mergedContextConfiguration = [WebMergedContextConfiguration@38432942 testClass = AchievementUnlockedRepositoryTests, locations = '{}', classes = '{class com.uu.au.AUPortal}', contextInitializerClasses = '[]', activeProfiles = '{}', propertySourceLocations = '{}', propertySourceProperties = '{org.springframework.boot.test.context.SpringBootTestContextBootstrapper=true}', contextCustomizers = set[org.springframework.boot.test.context.filter.ExcludeFilterContextCustomizer@7de843ef, org.springframework.boot.test.json.DuplicateJsonObjectContextCustomizerFactory$DuplicateJsonObjectContextCustomizer@69e49a81, org.springframework.boot.test.mock.mockito.MockitoContextCustomizer@0, org.springframework.boot.test.web.client.TestRestTemplateContextCustomizer@7f572c37, org.springframework.boot.test.autoconfigure.actuate.metrics.MetricsExportContextCustomizerFactory$DisableMetricExportContextCustomizer@6f89292e, org.springframework.boot.test.autoconfigure.properties.PropertyMappingContextCustomizer@0, org.springframework.boot.test.autoconfigure.web.servlet.WebDriverContextCustomizerFactory$Customizer@bd1111a, org.springframework.boot.test.context.SpringBootTestArgs@1, org.springframework.boot.test.context.SpringBootTestWebEnvironment@5276d6ee], resourceBasePath = 'src/main/webapp', contextLoader = 'org.springframework.boot.test.context.SpringBootContextLoader', parent = [null]], attributes = map['org.springframework.test.context.web.ServletTestExecutionListener.activateListener' -> true, 'org.springframework.test.context.web.ServletTestExecutionListener.populatedRequestContextHolder' -> true, 'org.springframework.test.context.web.ServletTestExecutionListener.resetRequestContextHolder' -> true, 'org.springframework.test.context.event.ApplicationEventsTestExecutionListener.recordApplicationEvents' -> false]]; transaction manager [org.springframework.orm.jpa.JpaTransactionManager@56f1fcd6]; rollback [true]
21:38:57.629 [main] INFO  o.s.t.c.t.TransactionContext - Rolled back transaction for test: [DefaultTestContext@3a205307 testClass = AchievementUnlockedRepositoryTests, testInstance = com.uu.au.repository.AchievementUnlockedRepositoryTests@1e330520, testMethod = testFindAll@AchievementUnlockedRepositoryTests, testException = [null], mergedContextConfiguration = [WebMergedContextConfiguration@38432942 testClass = AchievementUnlockedRepositoryTests, locations = '{}', classes = '{class com.uu.au.AUPortal}', contextInitializerClasses = '[]', activeProfiles = '{}', propertySourceLocations = '{}', propertySourceProperties = '{org.springframework.boot.test.context.SpringBootTestContextBootstrapper=true}', contextCustomizers = set[org.springframework.boot.test.context.filter.ExcludeFilterContextCustomizer@7de843ef, org.springframework.boot.test.json.DuplicateJsonObjectContextCustomizerFactory$DuplicateJsonObjectContextCustomizer@69e49a81, org.springframework.boot.test.mock.mockito.MockitoContextCustomizer@0, org.springframework.boot.test.web.client.TestRestTemplateContextCustomizer@7f572c37, org.springframework.boot.test.autoconfigure.actuate.metrics.MetricsExportContextCustomizerFactory$DisableMetricExportContextCustomizer@6f89292e, org.springframework.boot.test.autoconfigure.properties.PropertyMappingContextCustomizer@0, org.springframework.boot.test.autoconfigure.web.servlet.WebDriverContextCustomizerFactory$Customizer@bd1111a, org.springframework.boot.test.context.SpringBootTestArgs@1, org.springframework.boot.test.context.SpringBootTestWebEnvironment@5276d6ee], resourceBasePath = 'src/main/webapp', contextLoader = 'org.springframework.boot.test.context.SpringBootContextLoader', parent = [null]], attributes = map['org.springframework.test.context.web.ServletTestExecutionListener.activateListener' -> true, 'org.springframework.test.context.web.ServletTestExecutionListener.populatedRequestContextHolder' -> true, 'org.springframework.test.context.web.ServletTestExecutionListener.resetRequestContextHolder' -> true, 'org.springframework.test.context.event.ApplicationEventsTestExecutionListener.recordApplicationEvents' -> false]]
[[1;34mINFO[m] [1;32mTests run: [0;1;32m1[m, Failures: 0, Errors: 0, Skipped: 0, Time elapsed: 0.043 s - in com.uu.au.repository.[1mAchievementUnlockedRepositoryTests[m
[[1;34mINFO[m] Running com.uu.au.repository.[1mCourseRepositoryTests[m
21:38:57.641 [main] INFO  o.s.b.t.c.SpringBootTestContextBootstrapper - Neither @ContextConfiguration nor @ContextHierarchy found for test class [com.uu.au.repository.CourseRepositoryTests], using SpringBootContextLoader
21:38:57.642 [main] INFO  o.s.t.c.s.AbstractContextLoader - Could not detect default resource locations for test class [com.uu.au.repository.CourseRepositoryTests]: no resource found for suffixes {-context.xml, Context.groovy}.
21:38:57.642 [main] INFO  o.s.t.c.s.AnnotationConfigContextLoaderUtils - Could not detect default configuration classes for test class [com.uu.au.repository.CourseRepositoryTests]: CourseRepositoryTests does not declare any static, non-private, non-final, nested classes annotated with @Configuration.
21:38:57.643 [main] INFO  o.s.b.t.c.SpringBootTestContextBootstrapper - Found @SpringBootConfiguration com.uu.au.AUPortal for test class com.uu.au.repository.CourseRepositoryTests
21:38:57.645 [main] INFO  o.s.b.t.c.SpringBootTestContextBootstrapper - Loaded default TestExecutionListener class names from location [META-INF/spring.factories]: [org.springframework.boot.test.mock.mockito.MockitoTestExecutionListener, org.springframework.boot.test.mock.mockito.ResetMocksTestExecutionListener, org.springframework.boot.test.autoconfigure.restdocs.RestDocsTestExecutionListener, org.springframework.boot.test.autoconfigure.web.client.MockRestServiceServerResetTestExecutionListener, org.springframework.boot.test.autoconfigure.web.servlet.MockMvcPrintOnlyOnFailureTestExecutionListener, org.springframework.boot.test.autoconfigure.web.servlet.WebDriverTestExecutionListener, org.springframework.boot.test.autoconfigure.webservices.client.MockWebServiceServerTestExecutionListener, org.springframework.test.context.web.ServletTestExecutionListener, org.springframework.test.context.support.DirtiesContextBeforeModesTestExecutionListener, org.springframework.test.context.event.ApplicationEventsTestExecutionListener, org.springframework.test.context.support.DependencyInjectionTestExecutionListener, org.springframework.test.context.support.DirtiesContextTestExecutionListener, org.springframework.test.context.transaction.TransactionalTestExecutionListener, org.springframework.test.context.jdbc.SqlScriptsTestExecutionListener, org.springframework.test.context.event.EventPublishingTestExecutionListener]
21:38:57.645 [main] INFO  o.s.b.t.c.SpringBootTestContextBootstrapper - Using TestExecutionListeners: [org.springframework.test.context.web.ServletTestExecutionListener@1ece554, org.springframework.test.context.support.DirtiesContextBeforeModesTestExecutionListener@63fe4487, org.springframework.test.context.event.ApplicationEventsTestExecutionListener@4b305fe5, org.springframework.boot.test.mock.mockito.MockitoTestExecutionListener@14cdfff2, org.springframework.boot.test.autoconfigure.SpringBootDependencyInjectionTestExecutionListener@726d7e7a, org.springframework.test.context.support.DirtiesContextTestExecutionListener@63a6d6cc, org.springframework.test.context.transaction.TransactionalTestExecutionListener@2aa0622a, org.springframework.test.context.jdbc.SqlScriptsTestExecutionListener@51e92ae3, org.springframework.test.context.event.EventPublishingTestExecutionListener@486e000a, org.springframework.boot.test.mock.mockito.ResetMocksTestExecutionListener@1d2bbf7d, org.springframework.boot.test.autoconfigure.restdocs.RestDocsTestExecutionListener@34332fc0, org.springframework.boot.test.autoconfigure.web.client.MockRestServiceServerResetTestExecutionListener@2c15a597, org.springframework.boot.test.autoconfigure.web.servlet.MockMvcPrintOnlyOnFailureTestExecutionListener@14c38e4f, org.springframework.boot.test.autoconfigure.web.servlet.WebDriverTestExecutionListener@54d30bfd, org.springframework.boot.test.autoconfigure.webservices.client.MockWebServiceServerTestExecutionListener@79337388]
21:38:57.657 [main] INFO  o.s.t.c.t.TransactionContext - Began transaction (1) for test context [DefaultTestContext@70b2109c testClass = CourseRepositoryTests, testInstance = com.uu.au.repository.CourseRepositoryTests@3c727194, testMethod = testFindAll@CourseRepositoryTests, testException = [null], mergedContextConfiguration = [WebMergedContextConfiguration@5e3feaa1 testClass = CourseRepositoryTests, locations = '{}', classes = '{class com.uu.au.AUPortal}', contextInitializerClasses = '[]', activeProfiles = '{}', propertySourceLocations = '{}', propertySourceProperties = '{org.springframework.boot.test.context.SpringBootTestContextBootstrapper=true}', contextCustomizers = set[org.springframework.boot.test.context.filter.ExcludeFilterContextCustomizer@7de843ef, org.springframework.boot.test.json.DuplicateJsonObjectContextCustomizerFactory$DuplicateJsonObjectContextCustomizer@69e49a81, org.springframework.boot.test.mock.mockito.MockitoContextCustomizer@0, org.springframework.boot.test.web.client.TestRestTemplateContextCustomizer@7f572c37, org.springframework.boot.test.autoconfigure.actuate.metrics.MetricsExportContextCustomizerFactory$DisableMetricExportContextCustomizer@6f89292e, org.springframework.boot.test.autoconfigure.properties.PropertyMappingContextCustomizer@0, org.springframework.boot.test.autoconfigure.web.servlet.WebDriverContextCustomizerFactory$Customizer@bd1111a, org.springframework.boot.test.context.SpringBootTestArgs@1, org.springframework.boot.test.context.SpringBootTestWebEnvironment@5276d6ee], resourceBasePath = 'src/main/webapp', contextLoader = 'org.springframework.boot.test.context.SpringBootContextLoader', parent = [null]], attributes = map['org.springframework.test.context.web.ServletTestExecutionListener.activateListener' -> true, 'org.springframework.test.context.web.ServletTestExecutionListener.populatedRequestContextHolder' -> true, 'org.springframework.test.context.web.ServletTestExecutionListener.resetRequestContextHolder' -> true, 'org.springframework.test.context.event.ApplicationEventsTestExecutionListener.recordApplicationEvents' -> false]]; transaction manager [org.springframework.orm.jpa.JpaTransactionManager@56f1fcd6]; rollback [true]
21:38:57.683 [main] INFO  o.s.t.c.t.TransactionContext - Rolled back transaction for test: [DefaultTestContext@70b2109c testClass = CourseRepositoryTests, testInstance = com.uu.au.repository.CourseRepositoryTests@3c727194, testMethod = testFindAll@CourseRepositoryTests, testException = [null], mergedContextConfiguration = [WebMergedContextConfiguration@5e3feaa1 testClass = CourseRepositoryTests, locations = '{}', classes = '{class com.uu.au.AUPortal}', contextInitializerClasses = '[]', activeProfiles = '{}', propertySourceLocations = '{}', propertySourceProperties = '{org.springframework.boot.test.context.SpringBootTestContextBootstrapper=true}', contextCustomizers = set[org.springframework.boot.test.context.filter.ExcludeFilterContextCustomizer@7de843ef, org.springframework.boot.test.json.DuplicateJsonObjectContextCustomizerFactory$DuplicateJsonObjectContextCustomizer@69e49a81, org.springframework.boot.test.mock.mockito.MockitoContextCustomizer@0, org.springframework.boot.test.web.client.TestRestTemplateContextCustomizer@7f572c37, org.springframework.boot.test.autoconfigure.actuate.metrics.MetricsExportContextCustomizerFactory$DisableMetricExportContextCustomizer@6f89292e, org.springframework.boot.test.autoconfigure.properties.PropertyMappingContextCustomizer@0, org.springframework.boot.test.autoconfigure.web.servlet.WebDriverContextCustomizerFactory$Customizer@bd1111a, org.springframework.boot.test.context.SpringBootTestArgs@1, org.springframework.boot.test.context.SpringBootTestWebEnvironment@5276d6ee], resourceBasePath = 'src/main/webapp', contextLoader = 'org.springframework.boot.test.context.SpringBootContextLoader', parent = [null]], attributes = map['org.springframework.test.context.web.ServletTestExecutionListener.activateListener' -> true, 'org.springframework.test.context.web.ServletTestExecutionListener.populatedRequestContextHolder' -> true, 'org.springframework.test.context.web.ServletTestExecutionListener.resetRequestContextHolder' -> true, 'org.springframework.test.context.event.ApplicationEventsTestExecutionListener.recordApplicationEvents' -> false]]
[[1;34mINFO[m] [1;32mTests run: [0;1;32m1[m, Failures: 0, Errors: 0, Skipped: 0, Time elapsed: 0.048 s - in com.uu.au.repository.[1mCourseRepositoryTests[m
[[1;34mINFO[m] Running com.uu.au.repository.[1mUserRepositoryTests[m
21:38:57.685 [main] INFO  o.s.b.t.c.SpringBootTestContextBootstrapper - Neither @ContextConfiguration nor @ContextHierarchy found for test class [com.uu.au.repository.UserRepositoryTests], using SpringBootContextLoader
21:38:57.685 [main] INFO  o.s.t.c.s.AbstractContextLoader - Could not detect default resource locations for test class [com.uu.au.repository.UserRepositoryTests]: no resource found for suffixes {-context.xml, Context.groovy}.
21:38:57.686 [main] INFO  o.s.t.c.s.AnnotationConfigContextLoaderUtils - Could not detect default configuration classes for test class [com.uu.au.repository.UserRepositoryTests]: UserRepositoryTests does not declare any static, non-private, non-final, nested classes annotated with @Configuration.
21:38:57.686 [main] INFO  o.s.b.t.c.SpringBootTestContextBootstrapper - Found @SpringBootConfiguration com.uu.au.AUPortal for test class com.uu.au.repository.UserRepositoryTests
21:38:57.688 [main] INFO  o.s.b.t.c.SpringBootTestContextBootstrapper - Loaded default TestExecutionListener class names from location [META-INF/spring.factories]: [org.springframework.boot.test.mock.mockito.MockitoTestExecutionListener, org.springframework.boot.test.mock.mockito.ResetMocksTestExecutionListener, org.springframework.boot.test.autoconfigure.restdocs.RestDocsTestExecutionListener, org.springframework.boot.test.autoconfigure.web.client.MockRestServiceServerResetTestExecutionListener, org.springframework.boot.test.autoconfigure.web.servlet.MockMvcPrintOnlyOnFailureTestExecutionListener, org.springframework.boot.test.autoconfigure.web.servlet.WebDriverTestExecutionListener, org.springframework.boot.test.autoconfigure.webservices.client.MockWebServiceServerTestExecutionListener, org.springframework.test.context.web.ServletTestExecutionListener, org.springframework.test.context.support.DirtiesContextBeforeModesTestExecutionListener, org.springframework.test.context.event.ApplicationEventsTestExecutionListener, org.springframework.test.context.support.DependencyInjectionTestExecutionListener, org.springframework.test.context.support.DirtiesContextTestExecutionListener, org.springframework.test.context.transaction.TransactionalTestExecutionListener, org.springframework.test.context.jdbc.SqlScriptsTestExecutionListener, org.springframework.test.context.event.EventPublishingTestExecutionListener]
21:38:57.689 [main] INFO  o.s.b.t.c.SpringBootTestContextBootstrapper - Using TestExecutionListeners: [org.springframework.test.context.web.ServletTestExecutionListener@50739dea, org.springframework.test.context.support.DirtiesContextBeforeModesTestExecutionListener@2bc5cdf7, org.springframework.test.context.event.ApplicationEventsTestExecutionListener@396786f5, org.springframework.boot.test.mock.mockito.MockitoTestExecutionListener@5c16bda0, org.springframework.boot.test.autoconfigure.SpringBootDependencyInjectionTestExecutionListener@1046e705, org.springframework.test.context.support.DirtiesContextTestExecutionListener@15e92a8f, org.springframework.test.context.transaction.TransactionalTestExecutionListener@103c46e9, org.springframework.test.context.jdbc.SqlScriptsTestExecutionListener@792e02f3, org.springframework.test.context.event.EventPublishingTestExecutionListener@5ef7ac1c, org.springframework.boot.test.mock.mockito.ResetMocksTestExecutionListener@296481f, org.springframework.boot.test.autoconfigure.restdocs.RestDocsTestExecutionListener@706f5daa, org.springframework.boot.test.autoconfigure.web.client.MockRestServiceServerResetTestExecutionListener@79dff0ce, org.springframework.boot.test.autoconfigure.web.servlet.MockMvcPrintOnlyOnFailureTestExecutionListener@1aab34a5, org.springframework.boot.test.autoconfigure.web.servlet.WebDriverTestExecutionListener@2a4d515f, org.springframework.boot.test.autoconfigure.webservices.client.MockWebServiceServerTestExecutionListener@20c5dbb1]
21:38:57.696 [main] INFO  o.s.t.c.t.TransactionContext - Began transaction (1) for test context [DefaultTestContext@65d7108d testClass = UserRepositoryTests, testInstance = com.uu.au.repository.UserRepositoryTests@255072c1, testMethod = testFindAll@UserRepositoryTests, testException = [null], mergedContextConfiguration = [WebMergedContextConfiguration@2b463d89 testClass = UserRepositoryTests, locations = '{}', classes = '{class com.uu.au.AUPortal}', contextInitializerClasses = '[]', activeProfiles = '{}', propertySourceLocations = '{}', propertySourceProperties = '{org.springframework.boot.test.context.SpringBootTestContextBootstrapper=true}', contextCustomizers = set[org.springframework.boot.test.context.filter.ExcludeFilterContextCustomizer@7de843ef, org.springframework.boot.test.json.DuplicateJsonObjectContextCustomizerFactory$DuplicateJsonObjectContextCustomizer@69e49a81, org.springframework.boot.test.mock.mockito.MockitoContextCustomizer@0, org.springframework.boot.test.web.client.TestRestTemplateContextCustomizer@7f572c37, org.springframework.boot.test.autoconfigure.actuate.metrics.MetricsExportContextCustomizerFactory$DisableMetricExportContextCustomizer@6f89292e, org.springframework.boot.test.autoconfigure.properties.PropertyMappingContextCustomizer@0, org.springframework.boot.test.autoconfigure.web.servlet.WebDriverContextCustomizerFactory$Customizer@bd1111a, org.springframework.boot.test.context.SpringBootTestArgs@1, org.springframework.boot.test.context.SpringBootTestWebEnvironment@5276d6ee], resourceBasePath = 'src/main/webapp', contextLoader = 'org.springframework.boot.test.context.SpringBootContextLoader', parent = [null]], attributes = map['org.springframework.test.context.web.ServletTestExecutionListener.activateListener' -> true, 'org.springframework.test.context.web.ServletTestExecutionListener.populatedRequestContextHolder' -> true, 'org.springframework.test.context.web.ServletTestExecutionListener.resetRequestContextHolder' -> true, 'org.springframework.test.context.event.ApplicationEventsTestExecutionListener.recordApplicationEvents' -> false]]; transaction manager [org.springframework.orm.jpa.JpaTransactionManager@56f1fcd6]; rollback [true]
21:38:57.714 [main] INFO  o.s.t.c.t.TransactionContext - Rolled back transaction for test: [DefaultTestContext@65d7108d testClass = UserRepositoryTests, testInstance = com.uu.au.repository.UserRepositoryTests@255072c1, testMethod = testFindAll@UserRepositoryTests, testException = [null], mergedContextConfiguration = [WebMergedContextConfiguration@2b463d89 testClass = UserRepositoryTests, locations = '{}', classes = '{class com.uu.au.AUPortal}', contextInitializerClasses = '[]', activeProfiles = '{}', propertySourceLocations = '{}', propertySourceProperties = '{org.springframework.boot.test.context.SpringBootTestContextBootstrapper=true}', contextCustomizers = set[org.springframework.boot.test.context.filter.ExcludeFilterContextCustomizer@7de843ef, org.springframework.boot.test.json.DuplicateJsonObjectContextCustomizerFactory$DuplicateJsonObjectContextCustomizer@69e49a81, org.springframework.boot.test.mock.mockito.MockitoContextCustomizer@0, org.springframework.boot.test.web.client.TestRestTemplateContextCustomizer@7f572c37, org.springframework.boot.test.autoconfigure.actuate.metrics.MetricsExportContextCustomizerFactory$DisableMetricExportContextCustomizer@6f89292e, org.springframework.boot.test.autoconfigure.properties.PropertyMappingContextCustomizer@0, org.springframework.boot.test.autoconfigure.web.servlet.WebDriverContextCustomizerFactory$Customizer@bd1111a, org.springframework.boot.test.context.SpringBootTestArgs@1, org.springframework.boot.test.context.SpringBootTestWebEnvironment@5276d6ee], resourceBasePath = 'src/main/webapp', contextLoader = 'org.springframework.boot.test.context.SpringBootContextLoader', parent = [null]], attributes = map['org.springframework.test.context.web.ServletTestExecutionListener.activateListener' -> true, 'org.springframework.test.context.web.ServletTestExecutionListener.populatedRequestContextHolder' -> true, 'org.springframework.test.context.web.ServletTestExecutionListener.resetRequestContextHolder' -> true, 'org.springframework.test.context.event.ApplicationEventsTestExecutionListener.recordApplicationEvents' -> false]]
[[1;34mINFO[m] [1;32mTests run: [0;1;32m1[m, Failures: 0, Errors: 0, Skipped: 0, Time elapsed: 0.044 s - in com.uu.au.repository.[1mUserRepositoryTests[m
[[1;34mINFO[m] Running com.uu.au.repository.[1mHelpListClearedRepositoryTests[m
21:38:57.717 [main] INFO  o.s.b.t.c.SpringBootTestContextBootstrapper - Neither @ContextConfiguration nor @ContextHierarchy found for test class [com.uu.au.repository.HelpListClearedRepositoryTests], using SpringBootContextLoader
21:38:57.718 [main] INFO  o.s.t.c.s.AbstractContextLoader - Could not detect default resource locations for test class [com.uu.au.repository.HelpListClearedRepositoryTests]: no resource found for suffixes {-context.xml, Context.groovy}.
21:38:57.718 [main] INFO  o.s.t.c.s.AnnotationConfigContextLoaderUtils - Could not detect default configuration classes for test class [com.uu.au.repository.HelpListClearedRepositoryTests]: HelpListClearedRepositoryTests does not declare any static, non-private, non-final, nested classes annotated with @Configuration.
21:38:57.720 [main] INFO  o.s.b.t.c.SpringBootTestContextBootstrapper - Found @SpringBootConfiguration com.uu.au.AUPortal for test class com.uu.au.repository.HelpListClearedRepositoryTests
21:38:57.721 [main] INFO  o.s.b.t.c.SpringBootTestContextBootstrapper - Loaded default TestExecutionListener class names from location [META-INF/spring.factories]: [org.springframework.boot.test.mock.mockito.MockitoTestExecutionListener, org.springframework.boot.test.mock.mockito.ResetMocksTestExecutionListener, org.springframework.boot.test.autoconfigure.restdocs.RestDocsTestExecutionListener, org.springframework.boot.test.autoconfigure.web.client.MockRestServiceServerResetTestExecutionListener, org.springframework.boot.test.autoconfigure.web.servlet.MockMvcPrintOnlyOnFailureTestExecutionListener, org.springframework.boot.test.autoconfigure.web.servlet.WebDriverTestExecutionListener, org.springframework.boot.test.autoconfigure.webservices.client.MockWebServiceServerTestExecutionListener, org.springframework.test.context.web.ServletTestExecutionListener, org.springframework.test.context.support.DirtiesContextBeforeModesTestExecutionListener, org.springframework.test.context.event.ApplicationEventsTestExecutionListener, org.springframework.test.context.support.DependencyInjectionTestExecutionListener, org.springframework.test.context.support.DirtiesContextTestExecutionListener, org.springframework.test.context.transaction.TransactionalTestExecutionListener, org.springframework.test.context.jdbc.SqlScriptsTestExecutionListener, org.springframework.test.context.event.EventPublishingTestExecutionListener]
21:38:57.721 [main] INFO  o.s.b.t.c.SpringBootTestContextBootstrapper - Using TestExecutionListeners: [org.springframework.test.context.web.ServletTestExecutionListener@5a6c7f73, org.springframework.test.context.support.DirtiesContextBeforeModesTestExecutionListener@5b67d7c7, org.springframework.test.context.event.ApplicationEventsTestExecutionListener@5f06c6c8, org.springframework.boot.test.mock.mockito.MockitoTestExecutionListener@5142a060, org.springframework.boot.test.autoconfigure.SpringBootDependencyInjectionTestExecutionListener@68ecdadc, org.springframework.test.context.support.DirtiesContextTestExecutionListener@d50e1e9, org.springframework.test.context.transaction.TransactionalTestExecutionListener@6409560d, org.springframework.test.context.jdbc.SqlScriptsTestExecutionListener@200cbb4c, org.springframework.test.context.event.EventPublishingTestExecutionListener@2e38bfab, org.springframework.boot.test.mock.mockito.ResetMocksTestExecutionListener@24ed4c2c, org.springframework.boot.test.autoconfigure.restdocs.RestDocsTestExecutionListener@a7adf82, org.springframework.boot.test.autoconfigure.web.client.MockRestServiceServerResetTestExecutionListener@4fe9c35a, org.springframework.boot.test.autoconfigure.web.servlet.MockMvcPrintOnlyOnFailureTestExecutionListener@24c7f8eb, org.springframework.boot.test.autoconfigure.web.servlet.WebDriverTestExecutionListener@6a855c73, org.springframework.boot.test.autoconfigure.webservices.client.MockWebServiceServerTestExecutionListener@365f086e]
21:38:57.733 [main] INFO  o.s.t.c.t.TransactionContext - Began transaction (1) for test context [DefaultTestContext@6c90ff73 testClass = HelpListClearedRepositoryTests, testInstance = com.uu.au.repository.HelpListClearedRepositoryTests@22c286f7, testMethod = testFindAll@HelpListClearedRepositoryTests, testException = [null], mergedContextConfiguration = [WebMergedContextConfiguration@7a40d6dd testClass = HelpListClearedRepositoryTests, locations = '{}', classes = '{class com.uu.au.AUPortal}', contextInitializerClasses = '[]', activeProfiles = '{}', propertySourceLocations = '{}', propertySourceProperties = '{org.springframework.boot.test.context.SpringBootTestContextBootstrapper=true}', contextCustomizers = set[org.springframework.boot.test.context.filter.ExcludeFilterContextCustomizer@7de843ef, org.springframework.boot.test.json.DuplicateJsonObjectContextCustomizerFactory$DuplicateJsonObjectContextCustomizer@69e49a81, org.springframework.boot.test.mock.mockito.MockitoContextCustomizer@0, org.springframework.boot.test.web.client.TestRestTemplateContextCustomizer@7f572c37, org.springframework.boot.test.autoconfigure.actuate.metrics.MetricsExportContextCustomizerFactory$DisableMetricExportContextCustomizer@6f89292e, org.springframework.boot.test.autoconfigure.properties.PropertyMappingContextCustomizer@0, org.springframework.boot.test.autoconfigure.web.servlet.WebDriverContextCustomizerFactory$Customizer@bd1111a, org.springframework.boot.test.context.SpringBootTestArgs@1, org.springframework.boot.test.context.SpringBootTestWebEnvironment@5276d6ee], resourceBasePath = 'src/main/webapp', contextLoader = 'org.springframework.boot.test.context.SpringBootContextLoader', parent = [null]], attributes = map['org.springframework.test.context.web.ServletTestExecutionListener.activateListener' -> true, 'org.springframework.test.context.web.ServletTestExecutionListener.populatedRequestContextHolder' -> true, 'org.springframework.test.context.web.ServletTestExecutionListener.resetRequestContextHolder' -> true, 'org.springframework.test.context.event.ApplicationEventsTestExecutionListener.recordApplicationEvents' -> false]]; transaction manager [org.springframework.orm.jpa.JpaTransactionManager@56f1fcd6]; rollback [true]
21:38:57.754 [main] INFO  o.s.t.c.t.TransactionContext - Rolled back transaction for test: [DefaultTestContext@6c90ff73 testClass = HelpListClearedRepositoryTests, testInstance = com.uu.au.repository.HelpListClearedRepositoryTests@22c286f7, testMethod = testFindAll@HelpListClearedRepositoryTests, testException = [null], mergedContextConfiguration = [WebMergedContextConfiguration@7a40d6dd testClass = HelpListClearedRepositoryTests, locations = '{}', classes = '{class com.uu.au.AUPortal}', contextInitializerClasses = '[]', activeProfiles = '{}', propertySourceLocations = '{}', propertySourceProperties = '{org.springframework.boot.test.context.SpringBootTestContextBootstrapper=true}', contextCustomizers = set[org.springframework.boot.test.context.filter.ExcludeFilterContextCustomizer@7de843ef, org.springframework.boot.test.json.DuplicateJsonObjectContextCustomizerFactory$DuplicateJsonObjectContextCustomizer@69e49a81, org.springframework.boot.test.mock.mockito.MockitoContextCustomizer@0, org.springframework.boot.test.web.client.TestRestTemplateContextCustomizer@7f572c37, org.springframework.boot.test.autoconfigure.actuate.metrics.MetricsExportContextCustomizerFactory$DisableMetricExportContextCustomizer@6f89292e, org.springframework.boot.test.autoconfigure.properties.PropertyMappingContextCustomizer@0, org.springframework.boot.test.autoconfigure.web.servlet.WebDriverContextCustomizerFactory$Customizer@bd1111a, org.springframework.boot.test.context.SpringBootTestArgs@1, org.springframework.boot.test.context.SpringBootTestWebEnvironment@5276d6ee], resourceBasePath = 'src/main/webapp', contextLoader = 'org.springframework.boot.test.context.SpringBootContextLoader', parent = [null]], attributes = map['org.springframework.test.context.web.ServletTestExecutionListener.activateListener' -> true, 'org.springframework.test.context.web.ServletTestExecutionListener.populatedRequestContextHolder' -> true, 'org.springframework.test.context.web.ServletTestExecutionListener.resetRequestContextHolder' -> true, 'org.springframework.test.context.event.ApplicationEventsTestExecutionListener.recordApplicationEvents' -> false]]
[[1;34mINFO[m] [1;32mTests run: [0;1;32m1[m, Failures: 0, Errors: 0, Skipped: 0, Time elapsed: 0.017 s - in com.uu.au.repository.[1mHelpListClearedRepositoryTests[m
[[1;34mINFO[m] Running com.uu.au.repository.[1mDemoListClearedRepositoryTests[m
21:38:57.756 [main] INFO  o.s.b.t.c.SpringBootTestContextBootstrapper - Neither @ContextConfiguration nor @ContextHierarchy found for test class [com.uu.au.repository.DemoListClearedRepositoryTests], using SpringBootContextLoader
21:38:57.757 [main] INFO  o.s.t.c.s.AbstractContextLoader - Could not detect default resource locations for test class [com.uu.au.repository.DemoListClearedRepositoryTests]: no resource found for suffixes {-context.xml, Context.groovy}.
21:38:57.757 [main] INFO  o.s.t.c.s.AnnotationConfigContextLoaderUtils - Could not detect default configuration classes for test class [com.uu.au.repository.DemoListClearedRepositoryTests]: DemoListClearedRepositoryTests does not declare any static, non-private, non-final, nested classes annotated with @Configuration.
21:38:57.758 [main] INFO  o.s.b.t.c.SpringBootTestContextBootstrapper - Found @SpringBootConfiguration com.uu.au.AUPortal for test class com.uu.au.repository.DemoListClearedRepositoryTests
21:38:57.766 [main] INFO  o.s.b.t.c.SpringBootTestContextBootstrapper - Loaded default TestExecutionListener class names from location [META-INF/spring.factories]: [org.springframework.boot.test.mock.mockito.MockitoTestExecutionListener, org.springframework.boot.test.mock.mockito.ResetMocksTestExecutionListener, org.springframework.boot.test.autoconfigure.restdocs.RestDocsTestExecutionListener, org.springframework.boot.test.autoconfigure.web.client.MockRestServiceServerResetTestExecutionListener, org.springframework.boot.test.autoconfigure.web.servlet.MockMvcPrintOnlyOnFailureTestExecutionListener, org.springframework.boot.test.autoconfigure.web.servlet.WebDriverTestExecutionListener, org.springframework.boot.test.autoconfigure.webservices.client.MockWebServiceServerTestExecutionListener, org.springframework.test.context.web.ServletTestExecutionListener, org.springframework.test.context.support.DirtiesContextBeforeModesTestExecutionListener, org.springframework.test.context.event.ApplicationEventsTestExecutionListener, org.springframework.test.context.support.DependencyInjectionTestExecutionListener, org.springframework.test.context.support.DirtiesContextTestExecutionListener, org.springframework.test.context.transaction.TransactionalTestExecutionListener, org.springframework.test.context.jdbc.SqlScriptsTestExecutionListener, org.springframework.test.context.event.EventPublishingTestExecutionListener]
21:38:57.766 [main] INFO  o.s.b.t.c.SpringBootTestContextBootstrapper - Using TestExecutionListeners: [org.springframework.test.context.web.ServletTestExecutionListener@332ca0d9, org.springframework.test.context.support.DirtiesContextBeforeModesTestExecutionListener@28f36222, org.springframework.test.context.event.ApplicationEventsTestExecutionListener@5370d090, org.springframework.boot.test.mock.mockito.MockitoTestExecutionListener@7c764a04, org.springframework.boot.test.autoconfigure.SpringBootDependencyInjectionTestExecutionListener@2a8a173b, org.springframework.test.context.support.DirtiesContextTestExecutionListener@195b823a, org.springframework.test.context.transaction.TransactionalTestExecutionListener@4cfa25d1, org.springframework.test.context.jdbc.SqlScriptsTestExecutionListener@2926020, org.springframework.test.context.event.EventPublishingTestExecutionListener@78db9c86, org.springframework.boot.test.mock.mockito.ResetMocksTestExecutionListener@3d548bf5, org.springframework.boot.test.autoconfigure.restdocs.RestDocsTestExecutionListener@201de523, org.springframework.boot.test.autoconfigure.web.client.MockRestServiceServerResetTestExecutionListener@311f1260, org.springframework.boot.test.autoconfigure.web.servlet.MockMvcPrintOnlyOnFailureTestExecutionListener@15849769, org.springframework.boot.test.autoconfigure.web.servlet.WebDriverTestExecutionListener@c96bd0f, org.springframework.boot.test.autoconfigure.webservices.client.MockWebServiceServerTestExecutionListener@436d7543]
21:38:57.774 [main] INFO  o.s.t.c.t.TransactionContext - Began transaction (1) for test context [DefaultTestContext@261ae01 testClass = DemoListClearedRepositoryTests, testInstance = com.uu.au.repository.DemoListClearedRepositoryTests@2a0e0463, testMethod = testFindAll@DemoListClearedRepositoryTests, testException = [null], mergedContextConfiguration = [WebMergedContextConfiguration@67f1306d testClass = DemoListClearedRepositoryTests, locations = '{}', classes = '{class com.uu.au.AUPortal}', contextInitializerClasses = '[]', activeProfiles = '{}', propertySourceLocations = '{}', propertySourceProperties = '{org.springframework.boot.test.context.SpringBootTestContextBootstrapper=true}', contextCustomizers = set[org.springframework.boot.test.context.filter.ExcludeFilterContextCustomizer@7de843ef, org.springframework.boot.test.json.DuplicateJsonObjectContextCustomizerFactory$DuplicateJsonObjectContextCustomizer@69e49a81, org.springframework.boot.test.mock.mockito.MockitoContextCustomizer@0, org.springframework.boot.test.web.client.TestRestTemplateContextCustomizer@7f572c37, org.springframework.boot.test.autoconfigure.actuate.metrics.MetricsExportContextCustomizerFactory$DisableMetricExportContextCustomizer@6f89292e, org.springframework.boot.test.autoconfigure.properties.PropertyMappingContextCustomizer@0, org.springframework.boot.test.autoconfigure.web.servlet.WebDriverContextCustomizerFactory$Customizer@bd1111a, org.springframework.boot.test.context.SpringBootTestArgs@1, org.springframework.boot.test.context.SpringBootTestWebEnvironment@5276d6ee], resourceBasePath = 'src/main/webapp', contextLoader = 'org.springframework.boot.test.context.SpringBootContextLoader', parent = [null]], attributes = map['org.springframework.test.context.web.ServletTestExecutionListener.activateListener' -> true, 'org.springframework.test.context.web.ServletTestExecutionListener.populatedRequestContextHolder' -> true, 'org.springframework.test.context.web.ServletTestExecutionListener.resetRequestContextHolder' -> true, 'org.springframework.test.context.event.ApplicationEventsTestExecutionListener.recordApplicationEvents' -> false]]; transaction manager [org.springframework.orm.jpa.JpaTransactionManager@56f1fcd6]; rollback [true]
21:38:57.790 [main] INFO  o.s.t.c.t.TransactionContext - Rolled back transaction for test: [DefaultTestContext@261ae01 testClass = DemoListClearedRepositoryTests, testInstance = com.uu.au.repository.DemoListClearedRepositoryTests@2a0e0463, testMethod = testFindAll@DemoListClearedRepositoryTests, testException = [null], mergedContextConfiguration = [WebMergedContextConfiguration@67f1306d testClass = DemoListClearedRepositoryTests, locations = '{}', classes = '{class com.uu.au.AUPortal}', contextInitializerClasses = '[]', activeProfiles = '{}', propertySourceLocations = '{}', propertySourceProperties = '{org.springframework.boot.test.context.SpringBootTestContextBootstrapper=true}', contextCustomizers = set[org.springframework.boot.test.context.filter.ExcludeFilterContextCustomizer@7de843ef, org.springframework.boot.test.json.DuplicateJsonObjectContextCustomizerFactory$DuplicateJsonObjectContextCustomizer@69e49a81, org.springframework.boot.test.mock.mockito.MockitoContextCustomizer@0, org.springframework.boot.test.web.client.TestRestTemplateContextCustomizer@7f572c37, org.springframework.boot.test.autoconfigure.actuate.metrics.MetricsExportContextCustomizerFactory$DisableMetricExportContextCustomizer@6f89292e, org.springframework.boot.test.autoconfigure.properties.PropertyMappingContextCustomizer@0, org.springframework.boot.test.autoconfigure.web.servlet.WebDriverContextCustomizerFactory$Customizer@bd1111a, org.springframework.boot.test.context.SpringBootTestArgs@1, org.springframework.boot.test.context.SpringBootTestWebEnvironment@5276d6ee], resourceBasePath = 'src/main/webapp', contextLoader = 'org.springframework.boot.test.context.SpringBootContextLoader', parent = [null]], attributes = map['org.springframework.test.context.web.ServletTestExecutionListener.activateListener' -> true, 'org.springframework.test.context.web.ServletTestExecutionListener.populatedRequestContextHolder' -> true, 'org.springframework.test.context.web.ServletTestExecutionListener.resetRequestContextHolder' -> true, 'org.springframework.test.context.event.ApplicationEventsTestExecutionListener.recordApplicationEvents' -> false]]
[[1;34mINFO[m] [1;32mTests run: [0;1;32m1[m, Failures: 0, Errors: 0, Skipped: 0, Time elapsed: 0.02 s - in com.uu.au.repository.[1mDemoListClearedRepositoryTests[m
[[1;34mINFO[m] Running com.uu.au.repository.[1mHelpRequestRepositoryTests[m
21:38:57.792 [main] INFO  o.s.b.t.c.SpringBootTestContextBootstrapper - Neither @ContextConfiguration nor @ContextHierarchy found for test class [com.uu.au.repository.HelpRequestRepositoryTests], using SpringBootContextLoader
21:38:57.792 [main] INFO  o.s.t.c.s.AbstractContextLoader - Could not detect default resource locations for test class [com.uu.au.repository.HelpRequestRepositoryTests]: no resource found for suffixes {-context.xml, Context.groovy}.
21:38:57.793 [main] INFO  o.s.t.c.s.AnnotationConfigContextLoaderUtils - Could not detect default configuration classes for test class [com.uu.au.repository.HelpRequestRepositoryTests]: HelpRequestRepositoryTests does not declare any static, non-private, non-final, nested classes annotated with @Configuration.
21:38:57.793 [main] INFO  o.s.b.t.c.SpringBootTestContextBootstrapper - Found @SpringBootConfiguration com.uu.au.AUPortal for test class com.uu.au.repository.HelpRequestRepositoryTests
21:38:57.803 [main] INFO  o.s.b.t.c.SpringBootTestContextBootstrapper - Loaded default TestExecutionListener class names from location [META-INF/spring.factories]: [org.springframework.boot.test.mock.mockito.MockitoTestExecutionListener, org.springframework.boot.test.mock.mockito.ResetMocksTestExecutionListener, org.springframework.boot.test.autoconfigure.restdocs.RestDocsTestExecutionListener, org.springframework.boot.test.autoconfigure.web.client.MockRestServiceServerResetTestExecutionListener, org.springframework.boot.test.autoconfigure.web.servlet.MockMvcPrintOnlyOnFailureTestExecutionListener, org.springframework.boot.test.autoconfigure.web.servlet.WebDriverTestExecutionListener, org.springframework.boot.test.autoconfigure.webservices.client.MockWebServiceServerTestExecutionListener, org.springframework.test.context.web.ServletTestExecutionListener, org.springframework.test.context.support.DirtiesContextBeforeModesTestExecutionListener, org.springframework.test.context.event.ApplicationEventsTestExecutionListener, org.springframework.test.context.support.DependencyInjectionTestExecutionListener, org.springframework.test.context.support.DirtiesContextTestExecutionListener, org.springframework.test.context.transaction.TransactionalTestExecutionListener, org.springframework.test.context.jdbc.SqlScriptsTestExecutionListener, org.springframework.test.context.event.EventPublishingTestExecutionListener]
21:38:57.806 [main] INFO  o.s.b.t.c.SpringBootTestContextBootstrapper - Using TestExecutionListeners: [org.springframework.test.context.web.ServletTestExecutionListener@4cff2aa1, org.springframework.test.context.support.DirtiesContextBeforeModesTestExecutionListener@6fadcfb4, org.springframework.test.context.event.ApplicationEventsTestExecutionListener@43ab5274, org.springframework.boot.test.mock.mockito.MockitoTestExecutionListener@66d3f19a, org.springframework.boot.test.autoconfigure.SpringBootDependencyInjectionTestExecutionListener@53cc65c3, org.springframework.test.context.support.DirtiesContextTestExecutionListener@521dd061, org.springframework.test.context.transaction.TransactionalTestExecutionListener@4b3c10a4, org.springframework.test.context.jdbc.SqlScriptsTestExecutionListener@321a6778, org.springframework.test.context.event.EventPublishingTestExecutionListener@2c8fe85, org.springframework.boot.test.mock.mockito.ResetMocksTestExecutionListener@3eeab865, org.springframework.boot.test.autoconfigure.restdocs.RestDocsTestExecutionListener@15f8262c, org.springframework.boot.test.autoconfigure.web.client.MockRestServiceServerResetTestExecutionListener@7438a24c, org.springframework.boot.test.autoconfigure.web.servlet.MockMvcPrintOnlyOnFailureTestExecutionListener@31415698, org.springframework.boot.test.autoconfigure.web.servlet.WebDriverTestExecutionListener@5a83f945, org.springframework.boot.test.autoconfigure.webservices.client.MockWebServiceServerTestExecutionListener@e9e7d7f]
21:38:57.811 [main] INFO  o.s.t.c.t.TransactionContext - Began transaction (1) for test context [DefaultTestContext@4cbf0dc testClass = HelpRequestRepositoryTests, testInstance = com.uu.au.repository.HelpRequestRepositoryTests@41c768d1, testMethod = testFindAll@HelpRequestRepositoryTests, testException = [null], mergedContextConfiguration = [WebMergedContextConfiguration@3ccf9013 testClass = HelpRequestRepositoryTests, locations = '{}', classes = '{class com.uu.au.AUPortal}', contextInitializerClasses = '[]', activeProfiles = '{}', propertySourceLocations = '{}', propertySourceProperties = '{org.springframework.boot.test.context.SpringBootTestContextBootstrapper=true}', contextCustomizers = set[org.springframework.boot.test.context.filter.ExcludeFilterContextCustomizer@7de843ef, org.springframework.boot.test.json.DuplicateJsonObjectContextCustomizerFactory$DuplicateJsonObjectContextCustomizer@69e49a81, org.springframework.boot.test.mock.mockito.MockitoContextCustomizer@0, org.springframework.boot.test.web.client.TestRestTemplateContextCustomizer@7f572c37, org.springframework.boot.test.autoconfigure.actuate.metrics.MetricsExportContextCustomizerFactory$DisableMetricExportContextCustomizer@6f89292e, org.springframework.boot.test.autoconfigure.properties.PropertyMappingContextCustomizer@0, org.springframework.boot.test.autoconfigure.web.servlet.WebDriverContextCustomizerFactory$Customizer@bd1111a, org.springframework.boot.test.context.SpringBootTestArgs@1, org.springframework.boot.test.context.SpringBootTestWebEnvironment@5276d6ee], resourceBasePath = 'src/main/webapp', contextLoader = 'org.springframework.boot.test.context.SpringBootContextLoader', parent = [null]], attributes = map['org.springframework.test.context.web.ServletTestExecutionListener.activateListener' -> true, 'org.springframework.test.context.web.ServletTestExecutionListener.populatedRequestContextHolder' -> true, 'org.springframework.test.context.web.ServletTestExecutionListener.resetRequestContextHolder' -> true, 'org.springframework.test.context.event.ApplicationEventsTestExecutionListener.recordApplicationEvents' -> false]]; transaction manager [org.springframework.orm.jpa.JpaTransactionManager@56f1fcd6]; rollback [true]
21:38:57.842 [main] INFO  o.s.t.c.t.TransactionContext - Rolled back transaction for test: [DefaultTestContext@4cbf0dc testClass = HelpRequestRepositoryTests, testInstance = com.uu.au.repository.HelpRequestRepositoryTests@41c768d1, testMethod = testFindAll@HelpRequestRepositoryTests, testException = [null], mergedContextConfiguration = [WebMergedContextConfiguration@3ccf9013 testClass = HelpRequestRepositoryTests, locations = '{}', classes = '{class com.uu.au.AUPortal}', contextInitializerClasses = '[]', activeProfiles = '{}', propertySourceLocations = '{}', propertySourceProperties = '{org.springframework.boot.test.context.SpringBootTestContextBootstrapper=true}', contextCustomizers = set[org.springframework.boot.test.context.filter.ExcludeFilterContextCustomizer@7de843ef, org.springframework.boot.test.json.DuplicateJsonObjectContextCustomizerFactory$DuplicateJsonObjectContextCustomizer@69e49a81, org.springframework.boot.test.mock.mockito.MockitoContextCustomizer@0, org.springframework.boot.test.web.client.TestRestTemplateContextCustomizer@7f572c37, org.springframework.boot.test.autoconfigure.actuate.metrics.MetricsExportContextCustomizerFactory$DisableMetricExportContextCustomizer@6f89292e, org.springframework.boot.test.autoconfigure.properties.PropertyMappingContextCustomizer@0, org.springframework.boot.test.autoconfigure.web.servlet.WebDriverContextCustomizerFactory$Customizer@bd1111a, org.springframework.boot.test.context.SpringBootTestArgs@1, org.springframework.boot.test.context.SpringBootTestWebEnvironment@5276d6ee], resourceBasePath = 'src/main/webapp', contextLoader = 'org.springframework.boot.test.context.SpringBootContextLoader', parent = [null]], attributes = map['org.springframework.test.context.web.ServletTestExecutionListener.activateListener' -> true, 'org.springframework.test.context.web.ServletTestExecutionListener.populatedRequestContextHolder' -> true, 'org.springframework.test.context.web.ServletTestExecutionListener.resetRequestContextHolder' -> true, 'org.springframework.test.context.event.ApplicationEventsTestExecutionListener.recordApplicationEvents' -> false]]
[[1;34mINFO[m] [1;32mTests run: [0;1;32m1[m, Failures: 0, Errors: 0, Skipped: 0, Time elapsed: 0.05 s - in com.uu.au.repository.[1mHelpRequestRepositoryTests[m
[[1;34mINFO[m] Running com.uu.au.repository.[1mEnrolmentRepositoryTests[m
21:38:57.858 [main] INFO  o.s.b.t.c.SpringBootTestContextBootstrapper - Neither @ContextConfiguration nor @ContextHierarchy found for test class [com.uu.au.repository.EnrolmentRepositoryTests], using SpringBootContextLoader
21:38:57.859 [main] INFO  o.s.t.c.s.AbstractContextLoader - Could not detect default resource locations for test class [com.uu.au.repository.EnrolmentRepositoryTests]: no resource found for suffixes {-context.xml, Context.groovy}.
21:38:57.860 [main] INFO  o.s.t.c.s.AnnotationConfigContextLoaderUtils - Could not detect default configuration classes for test class [com.uu.au.repository.EnrolmentRepositoryTests]: EnrolmentRepositoryTests does not declare any static, non-private, non-final, nested classes annotated with @Configuration.
21:38:57.863 [main] INFO  o.s.b.t.c.SpringBootTestContextBootstrapper - Found @SpringBootConfiguration com.uu.au.AUPortal for test class com.uu.au.repository.EnrolmentRepositoryTests
21:38:57.866 [main] INFO  o.s.b.t.c.SpringBootTestContextBootstrapper - Loaded default TestExecutionListener class names from location [META-INF/spring.factories]: [org.springframework.boot.test.mock.mockito.MockitoTestExecutionListener, org.springframework.boot.test.mock.mockito.ResetMocksTestExecutionListener, org.springframework.boot.test.autoconfigure.restdocs.RestDocsTestExecutionListener, org.springframework.boot.test.autoconfigure.web.client.MockRestServiceServerResetTestExecutionListener, org.springframework.boot.test.autoconfigure.web.servlet.MockMvcPrintOnlyOnFailureTestExecutionListener, org.springframework.boot.test.autoconfigure.web.servlet.WebDriverTestExecutionListener, org.springframework.boot.test.autoconfigure.webservices.client.MockWebServiceServerTestExecutionListener, org.springframework.test.context.web.ServletTestExecutionListener, org.springframework.test.context.support.DirtiesContextBeforeModesTestExecutionListener, org.springframework.test.context.event.ApplicationEventsTestExecutionListener, org.springframework.test.context.support.DependencyInjectionTestExecutionListener, org.springframework.test.context.support.DirtiesContextTestExecutionListener, org.springframework.test.context.transaction.TransactionalTestExecutionListener, org.springframework.test.context.jdbc.SqlScriptsTestExecutionListener, org.springframework.test.context.event.EventPublishingTestExecutionListener]
21:38:57.872 [main] INFO  o.s.b.t.c.SpringBootTestContextBootstrapper - Using TestExecutionListeners: [org.springframework.test.context.web.ServletTestExecutionListener@190ea71, org.springframework.test.context.support.DirtiesContextBeforeModesTestExecutionListener@27ef2419, org.springframework.test.context.event.ApplicationEventsTestExecutionListener@26cf5bdc, org.springframework.boot.test.mock.mockito.MockitoTestExecutionListener@1d562f2b, org.springframework.boot.test.autoconfigure.SpringBootDependencyInjectionTestExecutionListener@1b939d92, org.springframework.test.context.support.DirtiesContextTestExecutionListener@4582ad15, org.springframework.test.context.transaction.TransactionalTestExecutionListener@19cf0fc2, org.springframework.test.context.jdbc.SqlScriptsTestExecutionListener@35cc54a7, org.springframework.test.context.event.EventPublishingTestExecutionListener@32b42081, org.springframework.boot.test.mock.mockito.ResetMocksTestExecutionListener@620ec9c7, org.springframework.boot.test.autoconfigure.restdocs.RestDocsTestExecutionListener@3de6b5b, org.springframework.boot.test.autoconfigure.web.client.MockRestServiceServerResetTestExecutionListener@54e06eeb, org.springframework.boot.test.autoconfigure.web.servlet.MockMvcPrintOnlyOnFailureTestExecutionListener@47c3fcde, org.springframework.boot.test.autoconfigure.web.servlet.WebDriverTestExecutionListener@53975510, org.springframework.boot.test.autoconfigure.webservices.client.MockWebServiceServerTestExecutionListener@23e3788a]
21:38:57.885 [main] INFO  o.s.t.c.t.TransactionContext - Began transaction (1) for test context [DefaultTestContext@2cdefa7d testClass = EnrolmentRepositoryTests, testInstance = com.uu.au.repository.EnrolmentRepositoryTests@45880523, testMethod = testFindAll@EnrolmentRepositoryTests, testException = [null], mergedContextConfiguration = [WebMergedContextConfiguration@7d971230 testClass = EnrolmentRepositoryTests, locations = '{}', classes = '{class com.uu.au.AUPortal}', contextInitializerClasses = '[]', activeProfiles = '{}', propertySourceLocations = '{}', propertySourceProperties = '{org.springframework.boot.test.context.SpringBootTestContextBootstrapper=true}', contextCustomizers = set[org.springframework.boot.test.context.filter.ExcludeFilterContextCustomizer@7de843ef, org.springframework.boot.test.json.DuplicateJsonObjectContextCustomizerFactory$DuplicateJsonObjectContextCustomizer@69e49a81, org.springframework.boot.test.mock.mockito.MockitoContextCustomizer@0, org.springframework.boot.test.web.client.TestRestTemplateContextCustomizer@7f572c37, org.springframework.boot.test.autoconfigure.actuate.metrics.MetricsExportContextCustomizerFactory$DisableMetricExportContextCustomizer@6f89292e, org.springframework.boot.test.autoconfigure.properties.PropertyMappingContextCustomizer@0, org.springframework.boot.test.autoconfigure.web.servlet.WebDriverContextCustomizerFactory$Customizer@bd1111a, org.springframework.boot.test.context.SpringBootTestArgs@1, org.springframework.boot.test.context.SpringBootTestWebEnvironment@5276d6ee], resourceBasePath = 'src/main/webapp', contextLoader = 'org.springframework.boot.test.context.SpringBootContextLoader', parent = [null]], attributes = map['org.springframework.test.context.web.ServletTestExecutionListener.activateListener' -> true, 'org.springframework.test.context.web.ServletTestExecutionListener.populatedRequestContextHolder' -> true, 'org.springframework.test.context.web.ServletTestExecutionListener.resetRequestContextHolder' -> true, 'org.springframework.test.context.event.ApplicationEventsTestExecutionListener.recordApplicationEvents' -> false]]; transaction manager [org.springframework.orm.jpa.JpaTransactionManager@56f1fcd6]; rollback [true]
21:38:57.911 [main] INFO  o.s.t.c.t.TransactionContext - Rolled back transaction for test: [DefaultTestContext@2cdefa7d testClass = EnrolmentRepositoryTests, testInstance = com.uu.au.repository.EnrolmentRepositoryTests@45880523, testMethod = testFindAll@EnrolmentRepositoryTests, testException = [null], mergedContextConfiguration = [WebMergedContextConfiguration@7d971230 testClass = EnrolmentRepositoryTests, locations = '{}', classes = '{class com.uu.au.AUPortal}', contextInitializerClasses = '[]', activeProfiles = '{}', propertySourceLocations = '{}', propertySourceProperties = '{org.springframework.boot.test.context.SpringBootTestContextBootstrapper=true}', contextCustomizers = set[org.springframework.boot.test.context.filter.ExcludeFilterContextCustomizer@7de843ef, org.springframework.boot.test.json.DuplicateJsonObjectContextCustomizerFactory$DuplicateJsonObjectContextCustomizer@69e49a81, org.springframework.boot.test.mock.mockito.MockitoContextCustomizer@0, org.springframework.boot.test.web.client.TestRestTemplateContextCustomizer@7f572c37, org.springframework.boot.test.autoconfigure.actuate.metrics.MetricsExportContextCustomizerFactory$DisableMetricExportContextCustomizer@6f89292e, org.springframework.boot.test.autoconfigure.properties.PropertyMappingContextCustomizer@0, org.springframework.boot.test.autoconfigure.web.servlet.WebDriverContextCustomizerFactory$Customizer@bd1111a, org.springframework.boot.test.context.SpringBootTestArgs@1, org.springframework.boot.test.context.SpringBootTestWebEnvironment@5276d6ee], resourceBasePath = 'src/main/webapp', contextLoader = 'org.springframework.boot.test.context.SpringBootContextLoader', parent = [null]], attributes = map['org.springframework.test.context.web.ServletTestExecutionListener.activateListener' -> true, 'org.springframework.test.context.web.ServletTestExecutionListener.populatedRequestContextHolder' -> true, 'org.springframework.test.context.web.ServletTestExecutionListener.resetRequestContextHolder' -> true, 'org.springframework.test.context.event.ApplicationEventsTestExecutionListener.recordApplicationEvents' -> false]]
[[1;34mINFO[m] [1;32mTests run: [0;1;32m1[m, Failures: 0, Errors: 0, Skipped: 0, Time elapsed: 0.058 s - in com.uu.au.repository.[1mEnrolmentRepositoryTests[m
[[1;34mINFO[m] Running com.uu.au.repository.[1mAchievementPushedBackRepositoryTests[m
21:38:57.916 [main] INFO  o.s.b.t.c.SpringBootTestContextBootstrapper - Neither @ContextConfiguration nor @ContextHierarchy found for test class [com.uu.au.repository.AchievementPushedBackRepositoryTests], using SpringBootContextLoader
21:38:57.916 [main] INFO  o.s.t.c.s.AbstractContextLoader - Could not detect default resource locations for test class [com.uu.au.repository.AchievementPushedBackRepositoryTests]: no resource found for suffixes {-context.xml, Context.groovy}.
21:38:57.917 [main] INFO  o.s.t.c.s.AnnotationConfigContextLoaderUtils - Could not detect default configuration classes for test class [com.uu.au.repository.AchievementPushedBackRepositoryTests]: AchievementPushedBackRepositoryTests does not declare any static, non-private, non-final, nested classes annotated with @Configuration.
21:38:57.919 [main] INFO  o.s.b.t.c.SpringBootTestContextBootstrapper - Found @SpringBootConfiguration com.uu.au.AUPortal for test class com.uu.au.repository.AchievementPushedBackRepositoryTests
21:38:57.922 [main] INFO  o.s.b.t.c.SpringBootTestContextBootstrapper - Loaded default TestExecutionListener class names from location [META-INF/spring.factories]: [org.springframework.boot.test.mock.mockito.MockitoTestExecutionListener, org.springframework.boot.test.mock.mockito.ResetMocksTestExecutionListener, org.springframework.boot.test.autoconfigure.restdocs.RestDocsTestExecutionListener, org.springframework.boot.test.autoconfigure.web.client.MockRestServiceServerResetTestExecutionListener, org.springframework.boot.test.autoconfigure.web.servlet.MockMvcPrintOnlyOnFailureTestExecutionListener, org.springframework.boot.test.autoconfigure.web.servlet.WebDriverTestExecutionListener, org.springframework.boot.test.autoconfigure.webservices.client.MockWebServiceServerTestExecutionListener, org.springframework.test.context.web.ServletTestExecutionListener, org.springframework.test.context.support.DirtiesContextBeforeModesTestExecutionListener, org.springframework.test.context.event.ApplicationEventsTestExecutionListener, org.springframework.test.context.support.DependencyInjectionTestExecutionListener, org.springframework.test.context.support.DirtiesContextTestExecutionListener, org.springframework.test.context.transaction.TransactionalTestExecutionListener, org.springframework.test.context.jdbc.SqlScriptsTestExecutionListener, org.springframework.test.context.event.EventPublishingTestExecutionListener]
21:38:57.923 [main] INFO  o.s.b.t.c.SpringBootTestContextBootstrapper - Using TestExecutionListeners: [org.springframework.test.context.web.ServletTestExecutionListener@3d2b9562, org.springframework.test.context.support.DirtiesContextBeforeModesTestExecutionListener@79834da0, org.springframework.test.context.event.ApplicationEventsTestExecutionListener@5bf51627, org.springframework.boot.test.mock.mockito.MockitoTestExecutionListener@7354a1d8, org.springframework.boot.test.autoconfigure.SpringBootDependencyInjectionTestExecutionListener@1235ba55, org.springframework.test.context.support.DirtiesContextTestExecutionListener@71381bfe, org.springframework.test.context.transaction.TransactionalTestExecutionListener@20f6fd0, org.springframework.test.context.jdbc.SqlScriptsTestExecutionListener@54034428, org.springframework.test.context.event.EventPublishingTestExecutionListener@6b5babef, org.springframework.boot.test.mock.mockito.ResetMocksTestExecutionListener@5a8daa91, org.springframework.boot.test.autoconfigure.restdocs.RestDocsTestExecutionListener@23053fff, org.springframework.boot.test.autoconfigure.web.client.MockRestServiceServerResetTestExecutionListener@6de90db3, org.springframework.boot.test.autoconfigure.web.servlet.MockMvcPrintOnlyOnFailureTestExecutionListener@5b5bd732, org.springframework.boot.test.autoconfigure.web.servlet.WebDriverTestExecutionListener@6cb537ea, org.springframework.boot.test.autoconfigure.webservices.client.MockWebServiceServerTestExecutionListener@66c51744]
21:38:57.932 [main] INFO  o.s.t.c.t.TransactionContext - Began transaction (1) for test context [DefaultTestContext@754a6ce2 testClass = AchievementPushedBackRepositoryTests, testInstance = com.uu.au.repository.AchievementPushedBackRepositoryTests@10f48b87, testMethod = testFindAllActivePushBacksForId@AchievementPushedBackRepositoryTests, testException = [null], mergedContextConfiguration = [WebMergedContextConfiguration@31ff0947 testClass = AchievementPushedBackRepositoryTests, locations = '{}', classes = '{class com.uu.au.AUPortal}', contextInitializerClasses = '[]', activeProfiles = '{}', propertySourceLocations = '{}', propertySourceProperties = '{org.springframework.boot.test.context.SpringBootTestContextBootstrapper=true}', contextCustomizers = set[org.springframework.boot.test.context.filter.ExcludeFilterContextCustomizer@7de843ef, org.springframework.boot.test.json.DuplicateJsonObjectContextCustomizerFactory$DuplicateJsonObjectContextCustomizer@69e49a81, org.springframework.boot.test.mock.mockito.MockitoContextCustomizer@0, org.springframework.boot.test.web.client.TestRestTemplateContextCustomizer@7f572c37, org.springframework.boot.test.autoconfigure.actuate.metrics.MetricsExportContextCustomizerFactory$DisableMetricExportContextCustomizer@6f89292e, org.springframework.boot.test.autoconfigure.properties.PropertyMappingContextCustomizer@0, org.springframework.boot.test.autoconfigure.web.servlet.WebDriverContextCustomizerFactory$Customizer@bd1111a, org.springframework.boot.test.context.SpringBootTestArgs@1, org.springframework.boot.test.context.SpringBootTestWebEnvironment@5276d6ee], resourceBasePath = 'src/main/webapp', contextLoader = 'org.springframework.boot.test.context.SpringBootContextLoader', parent = [null]], attributes = map['org.springframework.test.context.web.ServletTestExecutionListener.activateListener' -> true, 'org.springframework.test.context.web.ServletTestExecutionListener.populatedRequestContextHolder' -> true, 'org.springframework.test.context.web.ServletTestExecutionListener.resetRequestContextHolder' -> true, 'org.springframework.test.context.event.ApplicationEventsTestExecutionListener.recordApplicationEvents' -> false]]; transaction manager [org.springframework.orm.jpa.JpaTransactionManager@56f1fcd6]; rollback [true]
21:38:58.002 [main] INFO  o.s.t.c.t.TransactionContext - Rolled back transaction for test: [DefaultTestContext@754a6ce2 testClass = AchievementPushedBackRepositoryTests, testInstance = com.uu.au.repository.AchievementPushedBackRepositoryTests@10f48b87, testMethod = testFindAllActivePushBacksForId@AchievementPushedBackRepositoryTests, testException = java.lang.NullPointerException: Cannot invoke "com.uu.au.models.User.currentEnrolment()" because "user" is null, mergedContextConfiguration = [WebMergedContextConfiguration@31ff0947 testClass = AchievementPushedBackRepositoryTests, locations = '{}', classes = '{class com.uu.au.AUPortal}', contextInitializerClasses = '[]', activeProfiles = '{}', propertySourceLocations = '{}', propertySourceProperties = '{org.springframework.boot.test.context.SpringBootTestContextBootstrapper=true}', contextCustomizers = set[org.springframework.boot.test.context.filter.ExcludeFilterContextCustomizer@7de843ef, org.springframework.boot.test.json.DuplicateJsonObjectContextCustomizerFactory$DuplicateJsonObjectContextCustomizer@69e49a81, org.springframework.boot.test.mock.mockito.MockitoContextCustomizer@0, org.springframework.boot.test.web.client.TestRestTemplateContextCustomizer@7f572c37, org.springframework.boot.test.autoconfigure.actuate.metrics.MetricsExportContextCustomizerFactory$DisableMetricExportContextCustomizer@6f89292e, org.springframework.boot.test.autoconfigure.properties.PropertyMappingContextCustomizer@0, org.springframework.boot.test.autoconfigure.web.servlet.WebDriverContextCustomizerFactory$Customizer@bd1111a, org.springframework.boot.test.context.SpringBootTestArgs@1, org.springframework.boot.test.context.SpringBootTestWebEnvironment@5276d6ee], resourceBasePath = 'src/main/webapp', contextLoader = 'org.springframework.boot.test.context.SpringBootContextLoader', parent = [null]], attributes = map['org.springframework.test.context.web.ServletTestExecutionListener.activateListener' -> true, 'org.springframework.test.context.web.ServletTestExecutionListener.populatedRequestContextHolder' -> true, 'org.springframework.test.context.web.ServletTestExecutionListener.resetRequestContextHolder' -> true, 'org.springframework.test.context.event.ApplicationEventsTestExecutionListener.recordApplicationEvents' -> false]]
21:38:58.009 [main] INFO  o.s.t.c.t.TransactionContext - Began transaction (1) for test context [DefaultTestContext@754a6ce2 testClass = AchievementPushedBackRepositoryTests, testInstance = com.uu.au.repository.AchievementPushedBackRepositoryTests@3beeb771, testMethod = testFindAll@AchievementPushedBackRepositoryTests, testException = [null], mergedContextConfiguration = [WebMergedContextConfiguration@31ff0947 testClass = AchievementPushedBackRepositoryTests, locations = '{}', classes = '{class com.uu.au.AUPortal}', contextInitializerClasses = '[]', activeProfiles = '{}', propertySourceLocations = '{}', propertySourceProperties = '{org.springframework.boot.test.context.SpringBootTestContextBootstrapper=true}', contextCustomizers = set[org.springframework.boot.test.context.filter.ExcludeFilterContextCustomizer@7de843ef, org.springframework.boot.test.json.DuplicateJsonObjectContextCustomizerFactory$DuplicateJsonObjectContextCustomizer@69e49a81, org.springframework.boot.test.mock.mockito.MockitoContextCustomizer@0, org.springframework.boot.test.web.client.TestRestTemplateContextCustomizer@7f572c37, org.springframework.boot.test.autoconfigure.actuate.metrics.MetricsExportContextCustomizerFactory$DisableMetricExportContextCustomizer@6f89292e, org.springframework.boot.test.autoconfigure.properties.PropertyMappingContextCustomizer@0, org.springframework.boot.test.autoconfigure.web.servlet.WebDriverContextCustomizerFactory$Customizer@bd1111a, org.springframework.boot.test.context.SpringBootTestArgs@1, org.springframework.boot.test.context.SpringBootTestWebEnvironment@5276d6ee], resourceBasePath = 'src/main/webapp', contextLoader = 'org.springframework.boot.test.context.SpringBootContextLoader', parent = [null]], attributes = map['org.springframework.test.context.web.ServletTestExecutionListener.activateListener' -> true, 'org.springframework.test.context.web.ServletTestExecutionListener.populatedRequestContextHolder' -> true, 'org.springframework.test.context.web.ServletTestExecutionListener.resetRequestContextHolder' -> true, 'org.springframework.test.context.event.ApplicationEventsTestExecutionListener.recordApplicationEvents' -> false]]; transaction manager [org.springframework.orm.jpa.JpaTransactionManager@56f1fcd6]; rollback [true]
21:38:58.025 [main] INFO  o.s.t.c.t.TransactionContext - Rolled back transaction for test: [DefaultTestContext@754a6ce2 testClass = AchievementPushedBackRepositoryTests, testInstance = com.uu.au.repository.AchievementPushedBackRepositoryTests@3beeb771, testMethod = testFindAll@AchievementPushedBackRepositoryTests, testException = [null], mergedContextConfiguration = [WebMergedContextConfiguration@31ff0947 testClass = AchievementPushedBackRepositoryTests, locations = '{}', classes = '{class com.uu.au.AUPortal}', contextInitializerClasses = '[]', activeProfiles = '{}', propertySourceLocations = '{}', propertySourceProperties = '{org.springframework.boot.test.context.SpringBootTestContextBootstrapper=true}', contextCustomizers = set[org.springframework.boot.test.context.filter.ExcludeFilterContextCustomizer@7de843ef, org.springframework.boot.test.json.DuplicateJsonObjectContextCustomizerFactory$DuplicateJsonObjectContextCustomizer@69e49a81, org.springframework.boot.test.mock.mockito.MockitoContextCustomizer@0, org.springframework.boot.test.web.client.TestRestTemplateContextCustomizer@7f572c37, org.springframework.boot.test.autoconfigure.actuate.metrics.MetricsExportContextCustomizerFactory$DisableMetricExportContextCustomizer@6f89292e, org.springframework.boot.test.autoconfigure.properties.PropertyMappingContextCustomizer@0, org.springframework.boot.test.autoconfigure.web.servlet.WebDriverContextCustomizerFactory$Customizer@bd1111a, org.springframework.boot.test.context.SpringBootTestArgs@1, org.springframework.boot.test.context.SpringBootTestWebEnvironment@5276d6ee], resourceBasePath = 'src/main/webapp', contextLoader = 'org.springframework.boot.test.context.SpringBootContextLoader', parent = [null]], attributes = map['org.springframework.test.context.web.ServletTestExecutionListener.activateListener' -> true, 'org.springframework.test.context.web.ServletTestExecutionListener.populatedRequestContextHolder' -> true, 'org.springframework.test.context.web.ServletTestExecutionListener.resetRequestContextHolder' -> true, 'org.springframework.test.context.event.ApplicationEventsTestExecutionListener.recordApplicationEvents' -> false]]
21:38:58.030 [main] INFO  o.s.t.c.t.TransactionContext - Began transaction (1) for test context [DefaultTestContext@754a6ce2 testClass = AchievementPushedBackRepositoryTests, testInstance = com.uu.au.repository.AchievementPushedBackRepositoryTests@2005fc39, testMethod = testFindAllByAchievementId@AchievementPushedBackRepositoryTests, testException = [null], mergedContextConfiguration = [WebMergedContextConfiguration@31ff0947 testClass = AchievementPushedBackRepositoryTests, locations = '{}', classes = '{class com.uu.au.AUPortal}', contextInitializerClasses = '[]', activeProfiles = '{}', propertySourceLocations = '{}', propertySourceProperties = '{org.springframework.boot.test.context.SpringBootTestContextBootstrapper=true}', contextCustomizers = set[org.springframework.boot.test.context.filter.ExcludeFilterContextCustomizer@7de843ef, org.springframework.boot.test.json.DuplicateJsonObjectContextCustomizerFactory$DuplicateJsonObjectContextCustomizer@69e49a81, org.springframework.boot.test.mock.mockito.MockitoContextCustomizer@0, org.springframework.boot.test.web.client.TestRestTemplateContextCustomizer@7f572c37, org.springframework.boot.test.autoconfigure.actuate.metrics.MetricsExportContextCustomizerFactory$DisableMetricExportContextCustomizer@6f89292e, org.springframework.boot.test.autoconfigure.properties.PropertyMappingContextCustomizer@0, org.springframework.boot.test.autoconfigure.web.servlet.WebDriverContextCustomizerFactory$Customizer@bd1111a, org.springframework.boot.test.context.SpringBootTestArgs@1, org.springframework.boot.test.context.SpringBootTestWebEnvironment@5276d6ee], resourceBasePath = 'src/main/webapp', contextLoader = 'org.springframework.boot.test.context.SpringBootContextLoader', parent = [null]], attributes = map['org.springframework.test.context.web.ServletTestExecutionListener.activateListener' -> true, 'org.springframework.test.context.web.ServletTestExecutionListener.populatedRequestContextHolder' -> true, 'org.springframework.test.context.web.ServletTestExecutionListener.resetRequestContextHolder' -> true, 'org.springframework.test.context.event.ApplicationEventsTestExecutionListener.recordApplicationEvents' -> false]]; transaction manager [org.springframework.orm.jpa.JpaTransactionManager@56f1fcd6]; rollback [true]
21:38:58.061 [main] INFO  o.s.t.c.t.TransactionContext - Rolled back transaction for test: [DefaultTestContext@754a6ce2 testClass = AchievementPushedBackRepositoryTests, testInstance = com.uu.au.repository.AchievementPushedBackRepositoryTests@2005fc39, testMethod = testFindAllByAchievementId@AchievementPushedBackRepositoryTests, testException = [null], mergedContextConfiguration = [WebMergedContextConfiguration@31ff0947 testClass = AchievementPushedBackRepositoryTests, locations = '{}', classes = '{class com.uu.au.AUPortal}', contextInitializerClasses = '[]', activeProfiles = '{}', propertySourceLocations = '{}', propertySourceProperties = '{org.springframework.boot.test.context.SpringBootTestContextBootstrapper=true}', contextCustomizers = set[org.springframework.boot.test.context.filter.ExcludeFilterContextCustomizer@7de843ef, org.springframework.boot.test.json.DuplicateJsonObjectContextCustomizerFactory$DuplicateJsonObjectContextCustomizer@69e49a81, org.springframework.boot.test.mock.mockito.MockitoContextCustomizer@0, org.springframework.boot.test.web.client.TestRestTemplateContextCustomizer@7f572c37, org.springframework.boot.test.autoconfigure.actuate.metrics.MetricsExportContextCustomizerFactory$DisableMetricExportContextCustomizer@6f89292e, org.springframework.boot.test.autoconfigure.properties.PropertyMappingContextCustomizer@0, org.springframework.boot.test.autoconfigure.web.servlet.WebDriverContextCustomizerFactory$Customizer@bd1111a, org.springframework.boot.test.context.SpringBootTestArgs@1, org.springframework.boot.test.context.SpringBootTestWebEnvironment@5276d6ee], resourceBasePath = 'src/main/webapp', contextLoader = 'org.springframework.boot.test.context.SpringBootContextLoader', parent = [null]], attributes = map['org.springframework.test.context.web.ServletTestExecutionListener.activateListener' -> true, 'org.springframework.test.context.web.ServletTestExecutionListener.populatedRequestContextHolder' -> true, 'org.springframework.test.context.web.ServletTestExecutionListener.resetRequestContextHolder' -> true, 'org.springframework.test.context.event.ApplicationEventsTestExecutionListener.recordApplicationEvents' -> false]]
21:38:58.067 [main] INFO  o.s.t.c.t.TransactionContext - Began transaction (1) for test context [DefaultTestContext@754a6ce2 testClass = AchievementPushedBackRepositoryTests, testInstance = com.uu.au.repository.AchievementPushedBackRepositoryTests@35295b2d, testMethod = testFindAllByEnrolmentId@AchievementPushedBackRepositoryTests, testException = [null], mergedContextConfiguration = [WebMergedContextConfiguration@31ff0947 testClass = AchievementPushedBackRepositoryTests, locations = '{}', classes = '{class com.uu.au.AUPortal}', contextInitializerClasses = '[]', activeProfiles = '{}', propertySourceLocations = '{}', propertySourceProperties = '{org.springframework.boot.test.context.SpringBootTestContextBootstrapper=true}', contextCustomizers = set[org.springframework.boot.test.context.filter.ExcludeFilterContextCustomizer@7de843ef, org.springframework.boot.test.json.DuplicateJsonObjectContextCustomizerFactory$DuplicateJsonObjectContextCustomizer@69e49a81, org.springframework.boot.test.mock.mockito.MockitoContextCustomizer@0, org.springframework.boot.test.web.client.TestRestTemplateContextCustomizer@7f572c37, org.springframework.boot.test.autoconfigure.actuate.metrics.MetricsExportContextCustomizerFactory$DisableMetricExportContextCustomizer@6f89292e, org.springframework.boot.test.autoconfigure.properties.PropertyMappingContextCustomizer@0, org.springframework.boot.test.autoconfigure.web.servlet.WebDriverContextCustomizerFactory$Customizer@bd1111a, org.springframework.boot.test.context.SpringBootTestArgs@1, org.springframework.boot.test.context.SpringBootTestWebEnvironment@5276d6ee], resourceBasePath = 'src/main/webapp', contextLoader = 'org.springframework.boot.test.context.SpringBootContextLoader', parent = [null]], attributes = map['org.springframework.test.context.web.ServletTestExecutionListener.activateListener' -> true, 'org.springframework.test.context.web.ServletTestExecutionListener.populatedRequestContextHolder' -> true, 'org.springframework.test.context.web.ServletTestExecutionListener.resetRequestContextHolder' -> true, 'org.springframework.test.context.event.ApplicationEventsTestExecutionListener.recordApplicationEvents' -> false]]; transaction manager [org.springframework.orm.jpa.JpaTransactionManager@56f1fcd6]; rollback [true]
21:38:58.087 [main] INFO  o.s.t.c.t.TransactionContext - Rolled back transaction for test: [DefaultTestContext@754a6ce2 testClass = AchievementPushedBackRepositoryTests, testInstance = com.uu.au.repository.AchievementPushedBackRepositoryTests@35295b2d, testMethod = testFindAllByEnrolmentId@AchievementPushedBackRepositoryTests, testException = [null], mergedContextConfiguration = [WebMergedContextConfiguration@31ff0947 testClass = AchievementPushedBackRepositoryTests, locations = '{}', classes = '{class com.uu.au.AUPortal}', contextInitializerClasses = '[]', activeProfiles = '{}', propertySourceLocations = '{}', propertySourceProperties = '{org.springframework.boot.test.context.SpringBootTestContextBootstrapper=true}', contextCustomizers = set[org.springframework.boot.test.context.filter.ExcludeFilterContextCustomizer@7de843ef, org.springframework.boot.test.json.DuplicateJsonObjectContextCustomizerFactory$DuplicateJsonObjectContextCustomizer@69e49a81, org.springframework.boot.test.mock.mockito.MockitoContextCustomizer@0, org.springframework.boot.test.web.client.TestRestTemplateContextCustomizer@7f572c37, org.springframework.boot.test.autoconfigure.actuate.metrics.MetricsExportContextCustomizerFactory$DisableMetricExportContextCustomizer@6f89292e, org.springframework.boot.test.autoconfigure.properties.PropertyMappingContextCustomizer@0, org.springframework.boot.test.autoconfigure.web.servlet.WebDriverContextCustomizerFactory$Customizer@bd1111a, org.springframework.boot.test.context.SpringBootTestArgs@1, org.springframework.boot.test.context.SpringBootTestWebEnvironment@5276d6ee], resourceBasePath = 'src/main/webapp', contextLoader = 'org.springframework.boot.test.context.SpringBootContextLoader', parent = [null]], attributes = map['org.springframework.test.context.web.ServletTestExecutionListener.activateListener' -> true, 'org.springframework.test.context.web.ServletTestExecutionListener.populatedRequestContextHolder' -> true, 'org.springframework.test.context.web.ServletTestExecutionListener.resetRequestContextHolder' -> true, 'org.springframework.test.context.event.ApplicationEventsTestExecutionListener.recordApplicationEvents' -> false]]
[[1;31mERROR[m] [1;31mTests [0;1mrun: [0;1m4[m, Failures: 0, [1;31mErrors: [0;1;31m1[m, Skipped: 0, Time elapsed: 0.178 s[1;31m <<< FAILURE![m - in com.uu.au.repository.[1mAchievementPushedBackRepositoryTests[m
[[1;31mERROR[m] testFindAllActivePushBacksForId  Time elapsed: 0.077 s  <<< ERROR!
java.lang.NullPointerException: Cannot invoke "com.uu.au.models.User.currentEnrolment()" because "user" is null
	at com.uu.au.repository.AchievementPushedBackRepositoryTests.testFindAllActivePushBacksForId(AchievementPushedBackRepositoryTests.java:136)

[[1;34mINFO[m] Running com.uu.au.repository.[1mLadokEntryRepositoryTests[m
21:38:58.093 [main] INFO  o.s.b.t.c.SpringBootTestContextBootstrapper - Neither @ContextConfiguration nor @ContextHierarchy found for test class [com.uu.au.repository.LadokEntryRepositoryTests], using SpringBootContextLoader
21:38:58.094 [main] INFO  o.s.t.c.s.AbstractContextLoader - Could not detect default resource locations for test class [com.uu.au.repository.LadokEntryRepositoryTests]: no resource found for suffixes {-context.xml, Context.groovy}.
21:38:58.094 [main] INFO  o.s.t.c.s.AnnotationConfigContextLoaderUtils - Could not detect default configuration classes for test class [com.uu.au.repository.LadokEntryRepositoryTests]: LadokEntryRepositoryTests does not declare any static, non-private, non-final, nested classes annotated with @Configuration.
21:38:58.095 [main] INFO  o.s.b.t.c.SpringBootTestContextBootstrapper - Found @SpringBootConfiguration com.uu.au.AUPortal for test class com.uu.au.repository.LadokEntryRepositoryTests
21:38:58.107 [main] INFO  o.s.b.t.c.SpringBootTestContextBootstrapper - Loaded default TestExecutionListener class names from location [META-INF/spring.factories]: [org.springframework.boot.test.mock.mockito.MockitoTestExecutionListener, org.springframework.boot.test.mock.mockito.ResetMocksTestExecutionListener, org.springframework.boot.test.autoconfigure.restdocs.RestDocsTestExecutionListener, org.springframework.boot.test.autoconfigure.web.client.MockRestServiceServerResetTestExecutionListener, org.springframework.boot.test.autoconfigure.web.servlet.MockMvcPrintOnlyOnFailureTestExecutionListener, org.springframework.boot.test.autoconfigure.web.servlet.WebDriverTestExecutionListener, org.springframework.boot.test.autoconfigure.webservices.client.MockWebServiceServerTestExecutionListener, org.springframework.test.context.web.ServletTestExecutionListener, org.springframework.test.context.support.DirtiesContextBeforeModesTestExecutionListener, org.springframework.test.context.event.ApplicationEventsTestExecutionListener, org.springframework.test.context.support.DependencyInjectionTestExecutionListener, org.springframework.test.context.support.DirtiesContextTestExecutionListener, org.springframework.test.context.transaction.TransactionalTestExecutionListener, org.springframework.test.context.jdbc.SqlScriptsTestExecutionListener, org.springframework.test.context.event.EventPublishingTestExecutionListener]
21:38:58.107 [main] INFO  o.s.b.t.c.SpringBootTestContextBootstrapper - Using TestExecutionListeners: [org.springframework.test.context.web.ServletTestExecutionListener@1ae04ca1, org.springframework.test.context.support.DirtiesContextBeforeModesTestExecutionListener@1eb8770, org.springframework.test.context.event.ApplicationEventsTestExecutionListener@ae22070, org.springframework.boot.test.mock.mockito.MockitoTestExecutionListener@6aa04df8, org.springframework.boot.test.autoconfigure.SpringBootDependencyInjectionTestExecutionListener@72bd8149, org.springframework.test.context.support.DirtiesContextTestExecutionListener@2fb04869, org.springframework.test.context.transaction.TransactionalTestExecutionListener@344a0c4f, org.springframework.test.context.jdbc.SqlScriptsTestExecutionListener@5ced48b3, org.springframework.test.context.event.EventPublishingTestExecutionListener@42443dae, org.springframework.boot.test.mock.mockito.ResetMocksTestExecutionListener@6f1ac68f, org.springframework.boot.test.autoconfigure.restdocs.RestDocsTestExecutionListener@b568757, org.springframework.boot.test.autoconfigure.web.client.MockRestServiceServerResetTestExecutionListener@3dc8ee5e, org.springframework.boot.test.autoconfigure.web.servlet.MockMvcPrintOnlyOnFailureTestExecutionListener@5e021d04, org.springframework.boot.test.autoconfigure.web.servlet.WebDriverTestExecutionListener@671596f5, org.springframework.boot.test.autoconfigure.webservices.client.MockWebServiceServerTestExecutionListener@5846d97f]
21:38:58.111 [main] INFO  o.s.t.c.t.TransactionContext - Began transaction (1) for test context [DefaultTestContext@6c22b54e testClass = LadokEntryRepositoryTests, testInstance = com.uu.au.repository.LadokEntryRepositoryTests@27cb3401, testMethod = testFindAll@LadokEntryRepositoryTests, testException = [null], mergedContextConfiguration = [WebMergedContextConfiguration@49a88ca6 testClass = LadokEntryRepositoryTests, locations = '{}', classes = '{class com.uu.au.AUPortal}', contextInitializerClasses = '[]', activeProfiles = '{}', propertySourceLocations = '{}', propertySourceProperties = '{org.springframework.boot.test.context.SpringBootTestContextBootstrapper=true}', contextCustomizers = set[org.springframework.boot.test.context.filter.ExcludeFilterContextCustomizer@7de843ef, org.springframework.boot.test.json.DuplicateJsonObjectContextCustomizerFactory$DuplicateJsonObjectContextCustomizer@69e49a81, org.springframework.boot.test.mock.mockito.MockitoContextCustomizer@0, org.springframework.boot.test.web.client.TestRestTemplateContextCustomizer@7f572c37, org.springframework.boot.test.autoconfigure.actuate.metrics.MetricsExportContextCustomizerFactory$DisableMetricExportContextCustomizer@6f89292e, org.springframework.boot.test.autoconfigure.properties.PropertyMappingContextCustomizer@0, org.springframework.boot.test.autoconfigure.web.servlet.WebDriverContextCustomizerFactory$Customizer@bd1111a, org.springframework.boot.test.context.SpringBootTestArgs@1, org.springframework.boot.test.context.SpringBootTestWebEnvironment@5276d6ee], resourceBasePath = 'src/main/webapp', contextLoader = 'org.springframework.boot.test.context.SpringBootContextLoader', parent = [null]], attributes = map['org.springframework.test.context.web.ServletTestExecutionListener.activateListener' -> true, 'org.springframework.test.context.web.ServletTestExecutionListener.populatedRequestContextHolder' -> true, 'org.springframework.test.context.web.ServletTestExecutionListener.resetRequestContextHolder' -> true, 'org.springframework.test.context.event.ApplicationEventsTestExecutionListener.recordApplicationEvents' -> false]]; transaction manager [org.springframework.orm.jpa.JpaTransactionManager@56f1fcd6]; rollback [true]
21:38:58.130 [main] INFO  o.s.t.c.t.TransactionContext - Rolled back transaction for test: [DefaultTestContext@6c22b54e testClass = LadokEntryRepositoryTests, testInstance = com.uu.au.repository.LadokEntryRepositoryTests@27cb3401, testMethod = testFindAll@LadokEntryRepositoryTests, testException = [null], mergedContextConfiguration = [WebMergedContextConfiguration@49a88ca6 testClass = LadokEntryRepositoryTests, locations = '{}', classes = '{class com.uu.au.AUPortal}', contextInitializerClasses = '[]', activeProfiles = '{}', propertySourceLocations = '{}', propertySourceProperties = '{org.springframework.boot.test.context.SpringBootTestContextBootstrapper=true}', contextCustomizers = set[org.springframework.boot.test.context.filter.ExcludeFilterContextCustomizer@7de843ef, org.springframework.boot.test.json.DuplicateJsonObjectContextCustomizerFactory$DuplicateJsonObjectContextCustomizer@69e49a81, org.springframework.boot.test.mock.mockito.MockitoContextCustomizer@0, org.springframework.boot.test.web.client.TestRestTemplateContextCustomizer@7f572c37, org.springframework.boot.test.autoconfigure.actuate.metrics.MetricsExportContextCustomizerFactory$DisableMetricExportContextCustomizer@6f89292e, org.springframework.boot.test.autoconfigure.properties.PropertyMappingContextCustomizer@0, org.springframework.boot.test.autoconfigure.web.servlet.WebDriverContextCustomizerFactory$Customizer@bd1111a, org.springframework.boot.test.context.SpringBootTestArgs@1, org.springframework.boot.test.context.SpringBootTestWebEnvironment@5276d6ee], resourceBasePath = 'src/main/webapp', contextLoader = 'org.springframework.boot.test.context.SpringBootContextLoader', parent = [null]], attributes = map['org.springframework.test.context.web.ServletTestExecutionListener.activateListener' -> true, 'org.springframework.test.context.web.ServletTestExecutionListener.populatedRequestContextHolder' -> true, 'org.springframework.test.context.web.ServletTestExecutionListener.resetRequestContextHolder' -> true, 'org.springframework.test.context.event.ApplicationEventsTestExecutionListener.recordApplicationEvents' -> false]]
[[1;34mINFO[m] [1;32mTests run: [0;1;32m1[m, Failures: 0, Errors: 0, Skipped: 0, Time elapsed: 0.035 s - in com.uu.au.repository.[1mLadokEntryRepositoryTests[m
21:38:58.153 [SpringApplicationShutdownHook] INFO  o.s.m.s.b.SimpleBrokerMessageHandler - Stopping...
21:38:58.153 [SpringApplicationShutdownHook] INFO  o.s.m.s.b.SimpleBrokerMessageHandler - BrokerAvailabilityEvent[available=false, SimpleBrokerMessageHandler [org.springframework.messaging.simp.broker.DefaultSubscriptionRegistry@26be4917]]
21:38:58.154 [SpringApplicationShutdownHook] INFO  o.s.m.s.b.SimpleBrokerMessageHandler - Stopped.
21:38:58.166 [SpringApplicationShutdownHook] INFO  o.s.o.j.LocalContainerEntityManagerFactoryBean - Closing JPA EntityManagerFactory for persistence unit 'default'
21:38:58.172 [SpringApplicationShutdownHook] INFO  com.zaxxer.hikari.HikariDataSource - HikariPool-1 - Shutdown initiated...
21:38:58.175 [SpringApplicationShutdownHook] INFO  com.zaxxer.hikari.HikariDataSource - HikariPool-1 - Shutdown completed.
[[1;34mINFO[m] 
[[1;34mINFO[m] Results:
[[1;34mINFO[m] 
[[1;31mERROR[m] [1;31mFailures: [m
[[1;31mERROR[m] [1;31m  HelpRequestTests.testHelpRequestIsActiveAndSubmittedOrClaimedOrInFlight:226 expected: <true> but was: <false>[m
[[1;31mERROR[m] [1;31m  UserTests.testGetGradeAndDateGrade4:793 expected: <2023-01-20> but was: <2023-01-15>[m
[[1;31mERROR[m] [1;31mErrors: [m
[[1;31mERROR[m] [1;31m  UserTests.testGetGradeAndDateEmptyList:686 ? NoSuchElement No value present[m
[[1;31mERROR[m] [1;31m  AchievementPushedBackRepositoryTests.testFindAllActivePushBacksForId:136 ? NullPointer[m
[[1;34mINFO[m] 
[[1;31mERROR[m] [1;31mTests run: 163, Failures: 2, Errors: 2, Skipped: 0[m
[[1;34mINFO[m] 
[[1;31mERROR[m] There are test failures.

Please refer to /home/bubify/backend/target/surefire-reports for the individual test results.
Please refer to dump files (if any exist) [date].dump, [date]-jvmRun[N].dump and [date].dumpstream.
[[1;34mINFO[m] 
[[1;34mINFO[m] [1m--- [0;32mjacoco-maven-plugin:0.8.12:report[m [1m(report)[m @ [36mau[0;1m ---[m
[[1;34mINFO[m] Loading execution data file /home/bubify/backend/target/jacoco.exec
[[1;34mINFO[m] Analyzed bundle 'bubifybackend' with 63 classes
[[1;34mINFO[m] [1m------------------------------------------------------------------------[m
[[1;34mINFO[m] [1;32mBUILD SUCCESS[m
[[1;34mINFO[m] [1m------------------------------------------------------------------------[m
[[1;34mINFO[m] Total time:  41.534 s
[[1;34mINFO[m] Finished at: 2024-04-22T21:39:00+02:00
[[1;34mINFO[m] [1m------------------------------------------------------------------------[m
